0 info it worked if it ends with ok
1 verbose cli [ '/usr/bin/nodejs',
1 verbose cli   '/usr/bin/npm',
1 verbose cli   'install',
1 verbose cli   'http-server',
1 verbose cli   '-g' ]
2 info using npm@3.5.2
3 info using node@v4.2.6
4 silly loadCurrentTree Starting
5 silly install loadCurrentTree
6 silly install readGlobalPackageData
7 silly fetchPackageMetaData http-server
8 silly fetchNamedPackageData http-server
9 silly mapToRegistry name http-server
10 silly mapToRegistry using default registry
11 silly mapToRegistry registry https://registry.npmjs.org/
12 silly mapToRegistry uri https://registry.npmjs.org/http-server
13 verbose request uri https://registry.npmjs.org/http-server
14 verbose request no auth needed
15 info attempt registry request try #1 at 13:41:54
16 verbose request id e73ca22c52854795
17 verbose etag W/"59d4fdb1-10062"
18 verbose lastModified Wed, 04 Oct 2017 15:26:41 GMT
19 http request GET https://registry.npmjs.org/http-server
20 http 304 https://registry.npmjs.org/http-server
21 verbose headers { date: 'Wed, 04 Oct 2017 16:41:54 GMT',
21 verbose headers   via: '1.1 varnish',
21 verbose headers   'cache-control': 'max-age=300',
21 verbose headers   etag: 'W/"59d4fdb1-10062"',
21 verbose headers   age: '148',
21 verbose headers   connection: 'keep-alive',
21 verbose headers   'x-served-by': 'cache-gru17134-GRU',
21 verbose headers   'x-cache': 'HIT',
21 verbose headers   'x-cache-hits': '1',
21 verbose headers   'x-timer': 'S1507135314.452959,VS0,VE0',
21 verbose headers   vary: 'Accept-Encoding, Accept' }
22 silly get cb [ 304,
22 silly get   { date: 'Wed, 04 Oct 2017 16:41:54 GMT',
22 silly get     via: '1.1 varnish',
22 silly get     'cache-control': 'max-age=300',
22 silly get     etag: 'W/"59d4fdb1-10062"',
22 silly get     age: '148',
22 silly get     connection: 'keep-alive',
22 silly get     'x-served-by': 'cache-gru17134-GRU',
22 silly get     'x-cache': 'HIT',
22 silly get     'x-cache-hits': '1',
22 silly get     'x-timer': 'S1507135314.452959,VS0,VE0',
22 silly get     vary: 'Accept-Encoding, Accept' } ]
23 verbose etag https://registry.npmjs.org/http-server from cache
24 verbose get saving http-server to /home/danilocbueno/.npm/registry.npmjs.org/http-server/.cache.json
25 silly install normalizeTree
26 silly loadCurrentTree Finishing
27 silly loadIdealTree Starting
28 silly install loadIdealTree
29 silly cloneCurrentTree Starting
30 silly install cloneCurrentTreeToIdealTree
31 silly cloneCurrentTree Finishing
32 silly loadShrinkwrap Starting
33 silly install loadShrinkwrap
34 silly loadShrinkwrap Finishing
35 silly loadAllDepsIntoIdealTree Starting
36 silly install loadAllDepsIntoIdealTree
37 silly resolveWithNewModule http-server@0.10.0 checking installable status
38 silly cache add args [ 'http-server', null ]
39 verbose cache add spec http-server
40 silly cache add parsed spec Result {
40 silly cache add   raw: 'http-server',
40 silly cache add   scope: null,
40 silly cache add   name: 'http-server',
40 silly cache add   rawSpec: '',
40 silly cache add   spec: 'latest',
40 silly cache add   type: 'tag' }
41 silly addNamed http-server@latest
42 verbose addNamed "latest" is being treated as a dist-tag for http-server
43 info addNameTag [ 'http-server', 'latest' ]
44 silly mapToRegistry name http-server
45 silly mapToRegistry using default registry
46 silly mapToRegistry registry https://registry.npmjs.org/
47 silly mapToRegistry uri https://registry.npmjs.org/http-server
48 verbose addNameTag registry:https://registry.npmjs.org/http-server not in flight; fetching
49 verbose get https://registry.npmjs.org/http-server not expired, no request
50 silly addNameTag next cb for http-server with tag latest
51 silly addNamed http-server@0.10.0
52 verbose addNamed "0.10.0" is a plain semver version for http-server
53 silly cache afterAdd http-server@0.10.0
54 verbose afterAdd /home/danilocbueno/.npm/http-server/0.10.0/package/package.json not in flight; writing
55 verbose afterAdd /home/danilocbueno/.npm/http-server/0.10.0/package/package.json written
56 silly fetchNamedPackageData colors
57 silly mapToRegistry name colors
58 silly mapToRegistry using default registry
59 silly mapToRegistry registry https://registry.npmjs.org/
60 silly mapToRegistry uri https://registry.npmjs.org/colors
61 silly fetchNamedPackageData corser
62 silly mapToRegistry name corser
63 silly mapToRegistry using default registry
64 silly mapToRegistry registry https://registry.npmjs.org/
65 silly mapToRegistry uri https://registry.npmjs.org/corser
66 silly fetchNamedPackageData ecstatic
67 silly mapToRegistry name ecstatic
68 silly mapToRegistry using default registry
69 silly mapToRegistry registry https://registry.npmjs.org/
70 silly mapToRegistry uri https://registry.npmjs.org/ecstatic
71 silly fetchNamedPackageData http-proxy
72 silly mapToRegistry name http-proxy
73 silly mapToRegistry using default registry
74 silly mapToRegistry registry https://registry.npmjs.org/
75 silly mapToRegistry uri https://registry.npmjs.org/http-proxy
76 silly fetchNamedPackageData opener
77 silly mapToRegistry name opener
78 silly mapToRegistry using default registry
79 silly mapToRegistry registry https://registry.npmjs.org/
80 silly mapToRegistry uri https://registry.npmjs.org/opener
81 silly fetchNamedPackageData optimist
82 silly mapToRegistry name optimist
83 silly mapToRegistry using default registry
84 silly mapToRegistry registry https://registry.npmjs.org/
85 silly mapToRegistry uri https://registry.npmjs.org/optimist
86 silly fetchNamedPackageData portfinder
87 silly mapToRegistry name portfinder
88 silly mapToRegistry using default registry
89 silly mapToRegistry registry https://registry.npmjs.org/
90 silly mapToRegistry uri https://registry.npmjs.org/portfinder
91 silly fetchNamedPackageData union
92 silly mapToRegistry name union
93 silly mapToRegistry using default registry
94 silly mapToRegistry registry https://registry.npmjs.org/
95 silly mapToRegistry uri https://registry.npmjs.org/union
96 verbose request uri https://registry.npmjs.org/colors
97 verbose request no auth needed
98 info attempt registry request try #1 at 13:41:54
99 verbose etag W/"59c5283c-5ab0"
100 verbose lastModified Fri, 22 Sep 2017 15:11:56 GMT
101 http request GET https://registry.npmjs.org/colors
102 verbose request uri https://registry.npmjs.org/corser
103 verbose request no auth needed
104 info attempt registry request try #1 at 13:41:54
105 verbose etag W/"57b362b2-4c27"
106 verbose lastModified Tue, 16 Aug 2016 19:00:02 GMT
107 http request GET https://registry.npmjs.org/corser
108 verbose request uri https://registry.npmjs.org/opener
109 verbose request no auth needed
110 info attempt registry request try #1 at 13:41:54
111 verbose etag W/"5982d76f-2ca2"
112 verbose lastModified Thu, 03 Aug 2017 07:57:35 GMT
113 http request GET https://registry.npmjs.org/opener
114 verbose request uri https://registry.npmjs.org/ecstatic
115 verbose request no auth needed
116 info attempt registry request try #1 at 13:41:54
117 verbose etag W/"59a4b17d-162c1"
118 verbose lastModified Tue, 29 Aug 2017 00:12:45 GMT
119 http request GET https://registry.npmjs.org/ecstatic
120 verbose request uri https://registry.npmjs.org/optimist
121 verbose request no auth needed
122 info attempt registry request try #1 at 13:41:54
123 verbose etag W/"59bcb5d2-b851"
124 verbose lastModified Sat, 16 Sep 2017 05:25:38 GMT
125 http request GET https://registry.npmjs.org/optimist
126 verbose request uri https://registry.npmjs.org/http-proxy
127 verbose request no auth needed
128 info attempt registry request try #1 at 13:41:54
129 verbose etag W/"59bcb567-23f8b"
130 verbose lastModified Sat, 16 Sep 2017 05:23:51 GMT
131 http request GET https://registry.npmjs.org/http-proxy
132 verbose request uri https://registry.npmjs.org/union
133 verbose request no auth needed
134 info attempt registry request try #1 at 13:41:54
135 verbose etag W/"59740f39-946a"
136 verbose lastModified Sun, 23 Jul 2017 02:51:37 GMT
137 http request GET https://registry.npmjs.org/union
138 verbose request uri https://registry.npmjs.org/portfinder
139 verbose request no auth needed
140 info attempt registry request try #1 at 13:41:54
141 verbose etag W/"599d996d-7021"
142 verbose lastModified Wed, 23 Aug 2017 15:04:13 GMT
143 http request GET https://registry.npmjs.org/portfinder
144 http 304 https://registry.npmjs.org/colors
145 verbose headers { date: 'Wed, 04 Oct 2017 16:41:54 GMT',
145 verbose headers   via: '1.1 varnish',
145 verbose headers   'cache-control': 'max-age=300',
145 verbose headers   etag: 'W/"59c5283c-5ab0"',
145 verbose headers   age: '273',
145 verbose headers   connection: 'keep-alive',
145 verbose headers   'x-served-by': 'cache-gru17128-GRU',
145 verbose headers   'x-cache': 'HIT',
145 verbose headers   'x-cache-hits': '4',
145 verbose headers   'x-timer': 'S1507135315.918315,VS0,VE0',
145 verbose headers   vary: 'Accept-Encoding, Accept' }
146 silly get cb [ 304,
146 silly get   { date: 'Wed, 04 Oct 2017 16:41:54 GMT',
146 silly get     via: '1.1 varnish',
146 silly get     'cache-control': 'max-age=300',
146 silly get     etag: 'W/"59c5283c-5ab0"',
146 silly get     age: '273',
146 silly get     connection: 'keep-alive',
146 silly get     'x-served-by': 'cache-gru17128-GRU',
146 silly get     'x-cache': 'HIT',
146 silly get     'x-cache-hits': '4',
146 silly get     'x-timer': 'S1507135315.918315,VS0,VE0',
146 silly get     vary: 'Accept-Encoding, Accept' } ]
147 verbose etag https://registry.npmjs.org/colors from cache
148 verbose get saving colors to /home/danilocbueno/.npm/registry.npmjs.org/colors/.cache.json
149 http 304 https://registry.npmjs.org/ecstatic
150 verbose headers { date: 'Wed, 04 Oct 2017 16:41:54 GMT',
150 verbose headers   via: '1.1 varnish',
150 verbose headers   'cache-control': 'max-age=300',
150 verbose headers   etag: 'W/"59a4b17d-162c1"',
150 verbose headers   age: '271',
150 verbose headers   connection: 'keep-alive',
150 verbose headers   'x-served-by': 'cache-gru17134-GRU',
150 verbose headers   'x-cache': 'HIT',
150 verbose headers   'x-cache-hits': '2',
150 verbose headers   'x-timer': 'S1507135315.918707,VS0,VE0',
150 verbose headers   vary: 'Accept-Encoding, Accept' }
151 silly get cb [ 304,
151 silly get   { date: 'Wed, 04 Oct 2017 16:41:54 GMT',
151 silly get     via: '1.1 varnish',
151 silly get     'cache-control': 'max-age=300',
151 silly get     etag: 'W/"59a4b17d-162c1"',
151 silly get     age: '271',
151 silly get     connection: 'keep-alive',
151 silly get     'x-served-by': 'cache-gru17134-GRU',
151 silly get     'x-cache': 'HIT',
151 silly get     'x-cache-hits': '2',
151 silly get     'x-timer': 'S1507135315.918707,VS0,VE0',
151 silly get     vary: 'Accept-Encoding, Accept' } ]
152 verbose etag https://registry.npmjs.org/ecstatic from cache
153 verbose get saving ecstatic to /home/danilocbueno/.npm/registry.npmjs.org/ecstatic/.cache.json
154 http 304 https://registry.npmjs.org/union
155 verbose headers { date: 'Wed, 04 Oct 2017 16:41:54 GMT',
155 verbose headers   via: '1.1 varnish',
155 verbose headers   'cache-control': 'max-age=300',
155 verbose headers   etag: 'W/"59740f39-946a"',
155 verbose headers   age: '74',
155 verbose headers   connection: 'keep-alive',
155 verbose headers   'x-served-by': 'cache-gru17125-GRU',
155 verbose headers   'x-cache': 'HIT',
155 verbose headers   'x-cache-hits': '1',
155 verbose headers   'x-timer': 'S1507135315.915814,VS0,VE0',
155 verbose headers   vary: 'Accept-Encoding, Accept' }
156 silly get cb [ 304,
156 silly get   { date: 'Wed, 04 Oct 2017 16:41:54 GMT',
156 silly get     via: '1.1 varnish',
156 silly get     'cache-control': 'max-age=300',
156 silly get     etag: 'W/"59740f39-946a"',
156 silly get     age: '74',
156 silly get     connection: 'keep-alive',
156 silly get     'x-served-by': 'cache-gru17125-GRU',
156 silly get     'x-cache': 'HIT',
156 silly get     'x-cache-hits': '1',
156 silly get     'x-timer': 'S1507135315.915814,VS0,VE0',
156 silly get     vary: 'Accept-Encoding, Accept' } ]
157 verbose etag https://registry.npmjs.org/union from cache
158 verbose get saving union to /home/danilocbueno/.npm/registry.npmjs.org/union/.cache.json
159 http 304 https://registry.npmjs.org/corser
160 verbose headers { date: 'Wed, 04 Oct 2017 16:41:54 GMT',
160 verbose headers   via: '1.1 varnish',
160 verbose headers   'cache-control': 'max-age=300',
160 verbose headers   etag: 'W/"57b362b2-4c27"',
160 verbose headers   age: '127',
160 verbose headers   connection: 'keep-alive',
160 verbose headers   'x-served-by': 'cache-gru17135-GRU',
160 verbose headers   'x-cache': 'HIT',
160 verbose headers   'x-cache-hits': '8',
160 verbose headers   'x-timer': 'S1507135315.922673,VS0,VE0',
160 verbose headers   vary: 'Accept-Encoding, Accept' }
161 silly get cb [ 304,
161 silly get   { date: 'Wed, 04 Oct 2017 16:41:54 GMT',
161 silly get     via: '1.1 varnish',
161 silly get     'cache-control': 'max-age=300',
161 silly get     etag: 'W/"57b362b2-4c27"',
161 silly get     age: '127',
161 silly get     connection: 'keep-alive',
161 silly get     'x-served-by': 'cache-gru17135-GRU',
161 silly get     'x-cache': 'HIT',
161 silly get     'x-cache-hits': '8',
161 silly get     'x-timer': 'S1507135315.922673,VS0,VE0',
161 silly get     vary: 'Accept-Encoding, Accept' } ]
162 verbose etag https://registry.npmjs.org/corser from cache
163 verbose get saving corser to /home/danilocbueno/.npm/registry.npmjs.org/corser/.cache.json
164 http 304 https://registry.npmjs.org/opener
165 verbose headers { date: 'Wed, 04 Oct 2017 16:41:54 GMT',
165 verbose headers   via: '1.1 varnish',
165 verbose headers   'cache-control': 'max-age=300',
165 verbose headers   etag: 'W/"5982d76f-2ca2"',
165 verbose headers   age: '74',
165 verbose headers   connection: 'keep-alive',
165 verbose headers   'x-served-by': 'cache-gru17129-GRU',
165 verbose headers   'x-cache': 'HIT',
165 verbose headers   'x-cache-hits': '2',
165 verbose headers   'x-timer': 'S1507135315.927560,VS0,VE0',
165 verbose headers   vary: 'Accept-Encoding, Accept' }
166 silly get cb [ 304,
166 silly get   { date: 'Wed, 04 Oct 2017 16:41:54 GMT',
166 silly get     via: '1.1 varnish',
166 silly get     'cache-control': 'max-age=300',
166 silly get     etag: 'W/"5982d76f-2ca2"',
166 silly get     age: '74',
166 silly get     connection: 'keep-alive',
166 silly get     'x-served-by': 'cache-gru17129-GRU',
166 silly get     'x-cache': 'HIT',
166 silly get     'x-cache-hits': '2',
166 silly get     'x-timer': 'S1507135315.927560,VS0,VE0',
166 silly get     vary: 'Accept-Encoding, Accept' } ]
167 verbose etag https://registry.npmjs.org/opener from cache
168 verbose get saving opener to /home/danilocbueno/.npm/registry.npmjs.org/opener/.cache.json
169 http 304 https://registry.npmjs.org/http-proxy
170 verbose headers { date: 'Wed, 04 Oct 2017 16:41:54 GMT',
170 verbose headers   via: '1.1 varnish',
170 verbose headers   'cache-control': 'max-age=300',
170 verbose headers   etag: 'W/"59bcb567-23f8b"',
170 verbose headers   age: '61',
170 verbose headers   connection: 'keep-alive',
170 verbose headers   'x-served-by': 'cache-gru17124-GRU',
170 verbose headers   'x-cache': 'HIT',
170 verbose headers   'x-cache-hits': '104',
170 verbose headers   'x-timer': 'S1507135315.924404,VS0,VE0',
170 verbose headers   vary: 'Accept-Encoding, Accept' }
171 silly get cb [ 304,
171 silly get   { date: 'Wed, 04 Oct 2017 16:41:54 GMT',
171 silly get     via: '1.1 varnish',
171 silly get     'cache-control': 'max-age=300',
171 silly get     etag: 'W/"59bcb567-23f8b"',
171 silly get     age: '61',
171 silly get     connection: 'keep-alive',
171 silly get     'x-served-by': 'cache-gru17124-GRU',
171 silly get     'x-cache': 'HIT',
171 silly get     'x-cache-hits': '104',
171 silly get     'x-timer': 'S1507135315.924404,VS0,VE0',
171 silly get     vary: 'Accept-Encoding, Accept' } ]
172 verbose etag https://registry.npmjs.org/http-proxy from cache
173 verbose get saving http-proxy to /home/danilocbueno/.npm/registry.npmjs.org/http-proxy/.cache.json
174 http 304 https://registry.npmjs.org/optimist
175 verbose headers { date: 'Wed, 04 Oct 2017 16:41:54 GMT',
175 verbose headers   via: '1.1 varnish',
175 verbose headers   'cache-control': 'max-age=300',
175 verbose headers   etag: 'W/"59bcb5d2-b851"',
175 verbose headers   age: '127',
175 verbose headers   connection: 'keep-alive',
175 verbose headers   'x-served-by': 'cache-gru17123-GRU',
175 verbose headers   'x-cache': 'HIT',
175 verbose headers   'x-cache-hits': '2',
175 verbose headers   'x-timer': 'S1507135315.922556,VS0,VE0',
175 verbose headers   vary: 'Accept-Encoding, Accept' }
176 silly get cb [ 304,
176 silly get   { date: 'Wed, 04 Oct 2017 16:41:54 GMT',
176 silly get     via: '1.1 varnish',
176 silly get     'cache-control': 'max-age=300',
176 silly get     etag: 'W/"59bcb5d2-b851"',
176 silly get     age: '127',
176 silly get     connection: 'keep-alive',
176 silly get     'x-served-by': 'cache-gru17123-GRU',
176 silly get     'x-cache': 'HIT',
176 silly get     'x-cache-hits': '2',
176 silly get     'x-timer': 'S1507135315.922556,VS0,VE0',
176 silly get     vary: 'Accept-Encoding, Accept' } ]
177 verbose etag https://registry.npmjs.org/optimist from cache
178 verbose get saving optimist to /home/danilocbueno/.npm/registry.npmjs.org/optimist/.cache.json
179 http 304 https://registry.npmjs.org/portfinder
180 verbose headers { date: 'Wed, 04 Oct 2017 16:41:54 GMT',
180 verbose headers   via: '1.1 varnish',
180 verbose headers   'cache-control': 'max-age=300',
180 verbose headers   etag: 'W/"599d996d-7021"',
180 verbose headers   age: '235',
180 verbose headers   connection: 'keep-alive',
180 verbose headers   'x-served-by': 'cache-gru17125-GRU',
180 verbose headers   'x-cache': 'HIT',
180 verbose headers   'x-cache-hits': '2',
180 verbose headers   'x-timer': 'S1507135315.920914,VS0,VE0',
180 verbose headers   vary: 'Accept-Encoding, Accept' }
181 silly get cb [ 304,
181 silly get   { date: 'Wed, 04 Oct 2017 16:41:54 GMT',
181 silly get     via: '1.1 varnish',
181 silly get     'cache-control': 'max-age=300',
181 silly get     etag: 'W/"599d996d-7021"',
181 silly get     age: '235',
181 silly get     connection: 'keep-alive',
181 silly get     'x-served-by': 'cache-gru17125-GRU',
181 silly get     'x-cache': 'HIT',
181 silly get     'x-cache-hits': '2',
181 silly get     'x-timer': 'S1507135315.920914,VS0,VE0',
181 silly get     vary: 'Accept-Encoding, Accept' } ]
182 verbose etag https://registry.npmjs.org/portfinder from cache
183 verbose get saving portfinder to /home/danilocbueno/.npm/registry.npmjs.org/portfinder/.cache.json
184 silly resolveWithNewModule union@0.4.6 checking installable status
185 silly cache add args [ 'union@~0.4.3', null ]
186 verbose cache add spec union@~0.4.3
187 silly cache add parsed spec Result {
187 silly cache add   raw: 'union@~0.4.3',
187 silly cache add   scope: null,
187 silly cache add   name: 'union',
187 silly cache add   rawSpec: '~0.4.3',
187 silly cache add   spec: '>=0.4.3 <0.5.0',
187 silly cache add   type: 'range' }
188 silly addNamed union@>=0.4.3 <0.5.0
189 verbose addNamed ">=0.4.3 <0.5.0" is a valid semver range for union
190 silly addNameRange { name: 'union', range: '>=0.4.3 <0.5.0', hasData: false }
191 silly mapToRegistry name union
192 silly mapToRegistry using default registry
193 silly mapToRegistry registry https://registry.npmjs.org/
194 silly mapToRegistry uri https://registry.npmjs.org/union
195 verbose addNameRange registry:https://registry.npmjs.org/union not in flight; fetching
196 silly resolveWithNewModule colors@1.0.3 checking installable status
197 silly cache add args [ 'colors@1.0.3', null ]
198 verbose cache add spec colors@1.0.3
199 silly cache add parsed spec Result {
199 silly cache add   raw: 'colors@1.0.3',
199 silly cache add   scope: null,
199 silly cache add   name: 'colors',
199 silly cache add   rawSpec: '1.0.3',
199 silly cache add   spec: '1.0.3',
199 silly cache add   type: 'version' }
200 silly addNamed colors@1.0.3
201 verbose addNamed "1.0.3" is a plain semver version for colors
202 silly mapToRegistry name colors
203 silly mapToRegistry using default registry
204 silly mapToRegistry registry https://registry.npmjs.org/
205 silly mapToRegistry uri https://registry.npmjs.org/colors
206 verbose addNameVersion registry:https://registry.npmjs.org/colors not in flight; fetching
207 silly resolveWithNewModule ecstatic@2.2.1 checking installable status
208 silly cache add args [ 'ecstatic@^2.0.0', null ]
209 verbose cache add spec ecstatic@^2.0.0
210 silly cache add parsed spec Result {
210 silly cache add   raw: 'ecstatic@^2.0.0',
210 silly cache add   scope: null,
210 silly cache add   name: 'ecstatic',
210 silly cache add   rawSpec: '^2.0.0',
210 silly cache add   spec: '>=2.0.0 <3.0.0',
210 silly cache add   type: 'range' }
211 silly addNamed ecstatic@>=2.0.0 <3.0.0
212 verbose addNamed ">=2.0.0 <3.0.0" is a valid semver range for ecstatic
213 silly addNameRange { name: 'ecstatic', range: '>=2.0.0 <3.0.0', hasData: false }
214 silly mapToRegistry name ecstatic
215 silly mapToRegistry using default registry
216 silly mapToRegistry registry https://registry.npmjs.org/
217 silly mapToRegistry uri https://registry.npmjs.org/ecstatic
218 verbose addNameRange registry:https://registry.npmjs.org/ecstatic not in flight; fetching
219 silly resolveWithNewModule corser@2.0.1 checking installable status
220 silly cache add args [ 'corser@~2.0.0', null ]
221 verbose cache add spec corser@~2.0.0
222 silly cache add parsed spec Result {
222 silly cache add   raw: 'corser@~2.0.0',
222 silly cache add   scope: null,
222 silly cache add   name: 'corser',
222 silly cache add   rawSpec: '~2.0.0',
222 silly cache add   spec: '>=2.0.0 <2.1.0',
222 silly cache add   type: 'range' }
223 silly addNamed corser@>=2.0.0 <2.1.0
224 verbose addNamed ">=2.0.0 <2.1.0" is a valid semver range for corser
225 silly addNameRange { name: 'corser', range: '>=2.0.0 <2.1.0', hasData: false }
226 silly mapToRegistry name corser
227 silly mapToRegistry using default registry
228 silly mapToRegistry registry https://registry.npmjs.org/
229 silly mapToRegistry uri https://registry.npmjs.org/corser
230 verbose addNameRange registry:https://registry.npmjs.org/corser not in flight; fetching
231 silly resolveWithNewModule opener@1.4.3 checking installable status
232 silly cache add args [ 'opener@~1.4.0', null ]
233 verbose cache add spec opener@~1.4.0
234 silly cache add parsed spec Result {
234 silly cache add   raw: 'opener@~1.4.0',
234 silly cache add   scope: null,
234 silly cache add   name: 'opener',
234 silly cache add   rawSpec: '~1.4.0',
234 silly cache add   spec: '>=1.4.0 <1.5.0',
234 silly cache add   type: 'range' }
235 silly addNamed opener@>=1.4.0 <1.5.0
236 verbose addNamed ">=1.4.0 <1.5.0" is a valid semver range for opener
237 silly addNameRange { name: 'opener', range: '>=1.4.0 <1.5.0', hasData: false }
238 silly mapToRegistry name opener
239 silly mapToRegistry using default registry
240 silly mapToRegistry registry https://registry.npmjs.org/
241 silly mapToRegistry uri https://registry.npmjs.org/opener
242 verbose addNameRange registry:https://registry.npmjs.org/opener not in flight; fetching
243 silly resolveWithNewModule optimist@0.6.1 checking installable status
244 silly cache add args [ 'optimist@0.6.x', null ]
245 verbose cache add spec optimist@0.6.x
246 silly cache add parsed spec Result {
246 silly cache add   raw: 'optimist@0.6.x',
246 silly cache add   scope: null,
246 silly cache add   name: 'optimist',
246 silly cache add   rawSpec: '0.6.x',
246 silly cache add   spec: '>=0.6.0 <0.7.0',
246 silly cache add   type: 'range' }
247 silly addNamed optimist@>=0.6.0 <0.7.0
248 verbose addNamed ">=0.6.0 <0.7.0" is a valid semver range for optimist
249 silly addNameRange { name: 'optimist', range: '>=0.6.0 <0.7.0', hasData: false }
250 silly mapToRegistry name optimist
251 silly mapToRegistry using default registry
252 silly mapToRegistry registry https://registry.npmjs.org/
253 silly mapToRegistry uri https://registry.npmjs.org/optimist
254 verbose addNameRange registry:https://registry.npmjs.org/optimist not in flight; fetching
255 silly resolveWithNewModule http-proxy@1.16.2 checking installable status
256 silly cache add args [ 'http-proxy@^1.8.1', null ]
257 verbose cache add spec http-proxy@^1.8.1
258 silly cache add parsed spec Result {
258 silly cache add   raw: 'http-proxy@^1.8.1',
258 silly cache add   scope: null,
258 silly cache add   name: 'http-proxy',
258 silly cache add   rawSpec: '^1.8.1',
258 silly cache add   spec: '>=1.8.1 <2.0.0',
258 silly cache add   type: 'range' }
259 silly addNamed http-proxy@>=1.8.1 <2.0.0
260 verbose addNamed ">=1.8.1 <2.0.0" is a valid semver range for http-proxy
261 silly addNameRange { name: 'http-proxy', range: '>=1.8.1 <2.0.0', hasData: false }
262 silly mapToRegistry name http-proxy
263 silly mapToRegistry using default registry
264 silly mapToRegistry registry https://registry.npmjs.org/
265 silly mapToRegistry uri https://registry.npmjs.org/http-proxy
266 verbose addNameRange registry:https://registry.npmjs.org/http-proxy not in flight; fetching
267 silly resolveWithNewModule portfinder@1.0.13 checking installable status
268 silly cache add args [ 'portfinder@^1.0.13', null ]
269 verbose cache add spec portfinder@^1.0.13
270 silly cache add parsed spec Result {
270 silly cache add   raw: 'portfinder@^1.0.13',
270 silly cache add   scope: null,
270 silly cache add   name: 'portfinder',
270 silly cache add   rawSpec: '^1.0.13',
270 silly cache add   spec: '>=1.0.13 <2.0.0',
270 silly cache add   type: 'range' }
271 silly addNamed portfinder@>=1.0.13 <2.0.0
272 verbose addNamed ">=1.0.13 <2.0.0" is a valid semver range for portfinder
273 silly addNameRange { name: 'portfinder', range: '>=1.0.13 <2.0.0', hasData: false }
274 silly mapToRegistry name portfinder
275 silly mapToRegistry using default registry
276 silly mapToRegistry registry https://registry.npmjs.org/
277 silly mapToRegistry uri https://registry.npmjs.org/portfinder
278 verbose addNameRange registry:https://registry.npmjs.org/portfinder not in flight; fetching
279 verbose get https://registry.npmjs.org/union not expired, no request
280 silly addNameRange number 2 { name: 'union', range: '>=0.4.3 <0.5.0', hasData: true }
281 silly addNameRange versions [ 'union',
281 silly addNameRange   [ '0.1.0',
281 silly addNameRange     '0.1.2',
281 silly addNameRange     '0.1.3',
281 silly addNameRange     '0.1.4',
281 silly addNameRange     '0.1.5',
281 silly addNameRange     '0.1.6',
281 silly addNameRange     '0.1.7',
281 silly addNameRange     '0.1.8',
281 silly addNameRange     '0.2.0',
281 silly addNameRange     '0.2.1',
281 silly addNameRange     '0.3.0',
281 silly addNameRange     '0.3.2',
281 silly addNameRange     '0.3.3',
281 silly addNameRange     '0.3.4',
281 silly addNameRange     '0.3.5',
281 silly addNameRange     '0.3.6',
281 silly addNameRange     '0.3.7',
281 silly addNameRange     '0.3.8',
281 silly addNameRange     '0.4.0',
281 silly addNameRange     '0.4.1',
281 silly addNameRange     '0.4.2',
281 silly addNameRange     '0.4.3',
281 silly addNameRange     '0.4.4',
281 silly addNameRange     '0.4.5',
281 silly addNameRange     '0.4.6' ] ]
282 silly addNamed union@0.4.6
283 verbose addNamed "0.4.6" is a plain semver version for union
284 verbose get https://registry.npmjs.org/colors not expired, no request
285 verbose get https://registry.npmjs.org/ecstatic not expired, no request
286 silly addNameRange number 2 { name: 'ecstatic', range: '>=2.0.0 <3.0.0', hasData: true }
287 silly addNameRange versions [ 'ecstatic',
287 silly addNameRange   [ '0.0.0',
287 silly addNameRange     '0.0.1',
287 silly addNameRange     '0.1.0',
287 silly addNameRange     '0.1.1',
287 silly addNameRange     '0.1.1-1',
287 silly addNameRange     '0.1.2',
287 silly addNameRange     '0.1.2-1',
287 silly addNameRange     '0.1.4',
287 silly addNameRange     '0.1.5',
287 silly addNameRange     '0.1.6',
287 silly addNameRange     '0.1.7',
287 silly addNameRange     '0.3.0',
287 silly addNameRange     '0.3.1',
287 silly addNameRange     '0.3.2',
287 silly addNameRange     '0.4.0',
287 silly addNameRange     '0.4.1',
287 silly addNameRange     '0.4.2',
287 silly addNameRange     '0.4.3',
287 silly addNameRange     '0.4.4',
287 silly addNameRange     '0.4.5',
287 silly addNameRange     '0.4.6',
287 silly addNameRange     '0.4.7',
287 silly addNameRange     '0.4.8',
287 silly addNameRange     '0.4.9',
287 silly addNameRange     '0.4.10',
287 silly addNameRange     '0.4.11',
287 silly addNameRange     '0.4.12',
287 silly addNameRange     '0.4.13',
287 silly addNameRange     '0.5.0',
287 silly addNameRange     '0.5.1',
287 silly addNameRange     '0.5.2',
287 silly addNameRange     '0.5.3',
287 silly addNameRange     '0.5.4',
287 silly addNameRange     '0.5.5',
287 silly addNameRange     '0.5.6',
287 silly addNameRange     '0.5.7',
287 silly addNameRange     '0.5.8',
287 silly addNameRange     '0.6.0',
287 silly addNameRange     '0.6.1',
287 silly addNameRange     '0.7.0',
287 silly addNameRange     '0.7.1',
287 silly addNameRange     '0.7.2',
287 silly addNameRange     '0.7.3',
287 silly addNameRange     '0.7.4',
287 silly addNameRange     '0.7.5',
287 silly addNameRange     '0.7.6',
287 silly addNameRange     '0.8.0',
287 silly addNameRange     '1.0.0',
287 silly addNameRange     '1.0.1',
287 silly addNameRange     '1.1.0',
287 silly addNameRange     '1.1.1',
287 silly addNameRange     '1.1.2',
287 silly addNameRange     '1.1.3',
287 silly addNameRange     '1.2.0',
287 silly addNameRange     '1.3.0',
287 silly addNameRange     '1.3.1',
287 silly addNameRange     '1.4.0',
287 silly addNameRange     '1.4.1',
287 silly addNameRange     '2.0.0',
287 silly addNameRange     '2.1.0',
287 silly addNameRange     '2.2.0',
287 silly addNameRange     '2.2.1',
287 silly addNameRange     '3.0.0' ] ]
288 silly addNamed ecstatic@2.2.1
289 verbose addNamed "2.2.1" is a plain semver version for ecstatic
290 verbose get https://registry.npmjs.org/corser not expired, no request
291 silly addNameRange number 2 { name: 'corser', range: '>=2.0.0 <2.1.0', hasData: true }
292 silly addNameRange versions [ 'corser',
292 silly addNameRange   [ '0.1.0',
292 silly addNameRange     '0.2.0',
292 silly addNameRange     '1.0.0',
292 silly addNameRange     '1.0.1',
292 silly addNameRange     '1.0.2',
292 silly addNameRange     '1.1.0',
292 silly addNameRange     '1.1.1',
292 silly addNameRange     '1.1.2',
292 silly addNameRange     '1.2.0',
292 silly addNameRange     '2.0.0',
292 silly addNameRange     '2.0.1' ] ]
293 silly addNamed corser@2.0.1
294 verbose addNamed "2.0.1" is a plain semver version for corser
295 verbose get https://registry.npmjs.org/opener not expired, no request
296 silly addNameRange number 2 { name: 'opener', range: '>=1.4.0 <1.5.0', hasData: true }
297 silly addNameRange versions [ 'opener',
297 silly addNameRange   [ '1.0.0',
297 silly addNameRange     '1.0.1',
297 silly addNameRange     '1.1.0',
297 silly addNameRange     '1.2.0',
297 silly addNameRange     '1.3.0',
297 silly addNameRange     '1.4.0',
297 silly addNameRange     '1.4.1',
297 silly addNameRange     '1.4.2',
297 silly addNameRange     '1.4.3' ] ]
298 silly addNamed opener@1.4.3
299 verbose addNamed "1.4.3" is a plain semver version for opener
300 verbose get https://registry.npmjs.org/optimist not expired, no request
301 silly addNameRange number 2 { name: 'optimist', range: '>=0.6.0 <0.7.0', hasData: true }
302 silly addNameRange versions [ 'optimist',
302 silly addNameRange   [ '0.0.1',
302 silly addNameRange     '0.0.2',
302 silly addNameRange     '0.0.4',
302 silly addNameRange     '0.0.5',
302 silly addNameRange     '0.0.6',
302 silly addNameRange     '0.0.7',
302 silly addNameRange     '0.1.0',
302 silly addNameRange     '0.1.1',
302 silly addNameRange     '0.1.2',
302 silly addNameRange     '0.1.3',
302 silly addNameRange     '0.1.4',
302 silly addNameRange     '0.1.5',
302 silly addNameRange     '0.1.6',
302 silly addNameRange     '0.1.7',
302 silly addNameRange     '0.1.8',
302 silly addNameRange     '0.1.9',
302 silly addNameRange     '0.0.3',
302 silly addNameRange     '0.2.0',
302 silly addNameRange     '0.2.1',
302 silly addNameRange     '0.2.2',
302 silly addNameRange     '0.2.3',
302 silly addNameRange     '0.2.4',
302 silly addNameRange     '0.2.5',
302 silly addNameRange     '0.2.6',
302 silly addNameRange     '0.2.7',
302 silly addNameRange     '0.2.8',
302 silly addNameRange     '0.3.0',
302 silly addNameRange     '0.3.1',
302 silly addNameRange     '0.3.3',
302 silly addNameRange     '0.3.4',
302 silly addNameRange     '0.3.5',
302 silly addNameRange     '0.3.6',
302 silly addNameRange     '0.3.7',
302 silly addNameRange     '0.4.0',
302 silly addNameRange     '0.5.0',
302 silly addNameRange     '0.5.1',
302 silly addNameRange     '0.5.2',
302 silly addNameRange     '0.6.0',
302 silly addNameRange     '0.6.1' ] ]
303 silly addNamed optimist@0.6.1
304 verbose addNamed "0.6.1" is a plain semver version for optimist
305 verbose get https://registry.npmjs.org/portfinder not expired, no request
306 silly addNameRange number 2 { name: 'portfinder', range: '>=1.0.13 <2.0.0', hasData: true }
307 silly addNameRange versions [ 'portfinder',
307 silly addNameRange   [ '0.1.0',
307 silly addNameRange     '0.2.0',
307 silly addNameRange     '0.2.1',
307 silly addNameRange     '0.3.0',
307 silly addNameRange     '0.4.0',
307 silly addNameRange     '1.0.0',
307 silly addNameRange     '1.0.1',
307 silly addNameRange     '1.0.2',
307 silly addNameRange     '1.0.3',
307 silly addNameRange     '1.0.4',
307 silly addNameRange     '1.0.5',
307 silly addNameRange     '1.0.6',
307 silly addNameRange     '1.0.7-beta.0',
307 silly addNameRange     '1.0.7',
307 silly addNameRange     '1.0.8',
307 silly addNameRange     '1.0.9',
307 silly addNameRange     '1.0.10',
307 silly addNameRange     '1.0.11',
307 silly addNameRange     '1.0.12',
307 silly addNameRange     '1.0.13' ] ]
308 silly addNamed portfinder@1.0.13
309 verbose addNamed "1.0.13" is a plain semver version for portfinder
310 verbose get https://registry.npmjs.org/http-proxy not expired, no request
311 silly addNameRange number 2 { name: 'http-proxy', range: '>=1.8.1 <2.0.0', hasData: true }
312 silly addNameRange versions [ 'http-proxy',
312 silly addNameRange   [ '0.5.9',
312 silly addNameRange     '0.5.10',
312 silly addNameRange     '0.5.11',
312 silly addNameRange     '0.6.0',
312 silly addNameRange     '0.6.1',
312 silly addNameRange     '0.6.2',
312 silly addNameRange     '0.6.4',
312 silly addNameRange     '0.6.5',
312 silly addNameRange     '0.6.6',
312 silly addNameRange     '0.7.0',
312 silly addNameRange     '0.7.2',
312 silly addNameRange     '0.7.3',
312 silly addNameRange     '0.7.4',
312 silly addNameRange     '0.7.5',
312 silly addNameRange     '0.7.6',
312 silly addNameRange     '0.8.0',
312 silly addNameRange     '0.8.1',
312 silly addNameRange     '0.8.2',
312 silly addNameRange     '0.8.3',
312 silly addNameRange     '0.8.4',
312 silly addNameRange     '0.8.5',
312 silly addNameRange     '0.8.6',
312 silly addNameRange     '0.8.7',
312 silly addNameRange     '0.9.0',
312 silly addNameRange     '0.9.1',
312 silly addNameRange     '0.10.0',
312 silly addNameRange     '0.10.1',
312 silly addNameRange     '0.10.2',
312 silly addNameRange     '0.10.3',
312 silly addNameRange     '0.10.4',
312 silly addNameRange     '1.0.0',
312 silly addNameRange     '1.0.1',
312 silly addNameRange     '1.0.2',
312 silly addNameRange     '1.0.3',
312 silly addNameRange     '1.1.0',
312 silly addNameRange     '1.1.1',
312 silly addNameRange     '1.1.2',
312 silly addNameRange     '1.1.3',
312 silly addNameRange     '1.1.4',
312 silly addNameRange     '1.1.5',
312 silly addNameRange     '1.1.6',
312 silly addNameRange     '1.2.0',
312 silly addNameRange     '1.2.1',
312 silly addNameRange     '1.3.0',
312 silly addNameRange     '1.4.0',
312 silly addNameRange     '1.4.1',
312 silly addNameRange     '1.4.2',
312 silly addNameRange     '1.4.3',
312 silly addNameRange     '1.5.0',
312 silly addNameRange     '1.5.1',
312 silly addNameRange     '1.5.2',
312 silly addNameRange     '1.5.3',
312 silly addNameRange     '1.6.0',
312 silly addNameRange     '1.6.1',
312 silly addNameRange     '1.6.2',
312 silly addNameRange     '1.7.0',
312 silly addNameRange     '1.7.1',
312 silly addNameRange     '1.7.2',
312 silly addNameRange     '1.7.3',
312 silly addNameRange     '1.8.0',
312 silly addNameRange     '1.8.1',
312 silly addNameRange     '1.9.0',
312 silly addNameRange     '1.9.1',
312 silly addNameRange     '1.10.0',
312 silly addNameRange     '1.10.1',
312 silly addNameRange     '1.11.0',
312 silly addNameRange     '1.11.1',
312 silly addNameRange     '1.11.2',
312 silly addNameRange     '1.11.3',
312 silly addNameRange     '1.12.0',
312 silly addNameRange     '1.12.1',
312 silly addNameRange     '1.13.0',
312 silly addNameRange     '1.13.1',
312 silly addNameRange     '1.13.2',
312 silly addNameRange     '1.13.3',
312 silly addNameRange     '1.14.0',
312 silly addNameRange     '1.15.0',
312 silly addNameRange     '1.15.1',
312 silly addNameRange     '1.15.2',
312 silly addNameRange     '1.16.0',
312 silly addNameRange     '1.16.1',
312 silly addNameRange     '1.16.2' ] ]
313 silly addNamed http-proxy@1.16.2
314 verbose addNamed "1.16.2" is a plain semver version for http-proxy
315 silly cache afterAdd union@0.4.6
316 verbose afterAdd /home/danilocbueno/.npm/union/0.4.6/package/package.json not in flight; writing
317 silly cache afterAdd colors@1.0.3
318 verbose afterAdd /home/danilocbueno/.npm/colors/1.0.3/package/package.json not in flight; writing
319 silly cache afterAdd corser@2.0.1
320 verbose afterAdd /home/danilocbueno/.npm/corser/2.0.1/package/package.json not in flight; writing
321 silly cache afterAdd optimist@0.6.1
322 verbose afterAdd /home/danilocbueno/.npm/optimist/0.6.1/package/package.json not in flight; writing
323 silly cache afterAdd portfinder@1.0.13
324 verbose afterAdd /home/danilocbueno/.npm/portfinder/1.0.13/package/package.json not in flight; writing
325 silly cache afterAdd http-proxy@1.16.2
326 verbose afterAdd /home/danilocbueno/.npm/http-proxy/1.16.2/package/package.json not in flight; writing
327 silly cache afterAdd ecstatic@2.2.1
328 verbose afterAdd /home/danilocbueno/.npm/ecstatic/2.2.1/package/package.json not in flight; writing
329 silly cache afterAdd opener@1.4.3
330 verbose afterAdd /home/danilocbueno/.npm/opener/1.4.3/package/package.json not in flight; writing
331 verbose afterAdd /home/danilocbueno/.npm/colors/1.0.3/package/package.json written
332 verbose afterAdd /home/danilocbueno/.npm/union/0.4.6/package/package.json written
333 verbose afterAdd /home/danilocbueno/.npm/corser/2.0.1/package/package.json written
334 verbose afterAdd /home/danilocbueno/.npm/optimist/0.6.1/package/package.json written
335 verbose afterAdd /home/danilocbueno/.npm/portfinder/1.0.13/package/package.json written
336 verbose afterAdd /home/danilocbueno/.npm/ecstatic/2.2.1/package/package.json written
337 verbose afterAdd /home/danilocbueno/.npm/http-proxy/1.16.2/package/package.json written
338 verbose afterAdd /home/danilocbueno/.npm/opener/1.4.3/package/package.json written
339 silly fetchNamedPackageData he
340 silly mapToRegistry name he
341 silly mapToRegistry using default registry
342 silly mapToRegistry registry https://registry.npmjs.org/
343 silly mapToRegistry uri https://registry.npmjs.org/he
344 silly fetchNamedPackageData mime
345 silly mapToRegistry name mime
346 silly mapToRegistry using default registry
347 silly mapToRegistry registry https://registry.npmjs.org/
348 silly mapToRegistry uri https://registry.npmjs.org/mime
349 silly fetchNamedPackageData minimist
350 silly mapToRegistry name minimist
351 silly mapToRegistry using default registry
352 silly mapToRegistry registry https://registry.npmjs.org/
353 silly mapToRegistry uri https://registry.npmjs.org/minimist
354 silly fetchNamedPackageData url-join
355 silly mapToRegistry name url-join
356 silly mapToRegistry using default registry
357 silly mapToRegistry registry https://registry.npmjs.org/
358 silly mapToRegistry uri https://registry.npmjs.org/url-join
359 verbose request uri https://registry.npmjs.org/mime
360 verbose request no auth needed
361 info attempt registry request try #1 at 13:41:55
362 verbose etag W/"59c94d2f-8fdd"
363 verbose lastModified Mon, 25 Sep 2017 18:38:39 GMT
364 http request GET https://registry.npmjs.org/mime
365 verbose request uri https://registry.npmjs.org/he
366 verbose request no auth needed
367 info attempt registry request try #1 at 13:41:55
368 verbose etag W/"59a3a02d-bcb6"
369 verbose lastModified Mon, 28 Aug 2017 04:46:37 GMT
370 http request GET https://registry.npmjs.org/he
371 verbose request uri https://registry.npmjs.org/minimist
372 verbose request no auth needed
373 info attempt registry request try #1 at 13:41:55
374 verbose etag W/"59d321b6-7742"
375 verbose lastModified Tue, 03 Oct 2017 05:35:50 GMT
376 http request GET https://registry.npmjs.org/minimist
377 verbose request uri https://registry.npmjs.org/url-join
378 verbose request no auth needed
379 info attempt registry request try #1 at 13:41:55
380 verbose etag W/"591cf549-221b"
381 verbose lastModified Thu, 18 May 2017 01:13:45 GMT
382 http request GET https://registry.npmjs.org/url-join
383 http 304 https://registry.npmjs.org/he
384 verbose headers { date: 'Wed, 04 Oct 2017 16:41:55 GMT',
384 verbose headers   via: '1.1 varnish',
384 verbose headers   'cache-control': 'max-age=300',
384 verbose headers   etag: 'W/"59a3a02d-bcb6"',
384 verbose headers   age: '53',
384 verbose headers   connection: 'keep-alive',
384 verbose headers   'x-served-by': 'cache-gru17125-GRU',
384 verbose headers   'x-cache': 'HIT',
384 verbose headers   'x-cache-hits': '1',
384 verbose headers   'x-timer': 'S1507135315.340948,VS0,VE0',
384 verbose headers   vary: 'Accept-Encoding, Accept' }
385 silly get cb [ 304,
385 silly get   { date: 'Wed, 04 Oct 2017 16:41:55 GMT',
385 silly get     via: '1.1 varnish',
385 silly get     'cache-control': 'max-age=300',
385 silly get     etag: 'W/"59a3a02d-bcb6"',
385 silly get     age: '53',
385 silly get     connection: 'keep-alive',
385 silly get     'x-served-by': 'cache-gru17125-GRU',
385 silly get     'x-cache': 'HIT',
385 silly get     'x-cache-hits': '1',
385 silly get     'x-timer': 'S1507135315.340948,VS0,VE0',
385 silly get     vary: 'Accept-Encoding, Accept' } ]
386 verbose etag https://registry.npmjs.org/he from cache
387 verbose get saving he to /home/danilocbueno/.npm/registry.npmjs.org/he/.cache.json
388 silly resolveWithNewModule he@1.1.1 checking installable status
389 silly cache add args [ 'he@^1.1.1', null ]
390 verbose cache add spec he@^1.1.1
391 silly cache add parsed spec Result {
391 silly cache add   raw: 'he@^1.1.1',
391 silly cache add   scope: null,
391 silly cache add   name: 'he',
391 silly cache add   rawSpec: '^1.1.1',
391 silly cache add   spec: '>=1.1.1 <2.0.0',
391 silly cache add   type: 'range' }
392 silly addNamed he@>=1.1.1 <2.0.0
393 verbose addNamed ">=1.1.1 <2.0.0" is a valid semver range for he
394 silly addNameRange { name: 'he', range: '>=1.1.1 <2.0.0', hasData: false }
395 silly mapToRegistry name he
396 silly mapToRegistry using default registry
397 silly mapToRegistry registry https://registry.npmjs.org/
398 silly mapToRegistry uri https://registry.npmjs.org/he
399 verbose addNameRange registry:https://registry.npmjs.org/he not in flight; fetching
400 verbose get https://registry.npmjs.org/he not expired, no request
401 silly addNameRange number 2 { name: 'he', range: '>=1.1.1 <2.0.0', hasData: true }
402 silly addNameRange versions [ 'he',
402 silly addNameRange   [ '0.1.0',
402 silly addNameRange     '0.1.1',
402 silly addNameRange     '0.1.2',
402 silly addNameRange     '0.1.3',
402 silly addNameRange     '0.1.4',
402 silly addNameRange     '0.1.5',
402 silly addNameRange     '0.1.6',
402 silly addNameRange     '0.1.7',
402 silly addNameRange     '0.1.8',
402 silly addNameRange     '0.1.9',
402 silly addNameRange     '0.1.10',
402 silly addNameRange     '0.2.0',
402 silly addNameRange     '0.2.1',
402 silly addNameRange     '0.3.0',
402 silly addNameRange     '0.3.1',
402 silly addNameRange     '0.3.2',
402 silly addNameRange     '0.3.3',
402 silly addNameRange     '0.3.4',
402 silly addNameRange     '0.3.5',
402 silly addNameRange     '0.3.6',
402 silly addNameRange     '0.4.0',
402 silly addNameRange     '0.4.1',
402 silly addNameRange     '0.5.0',
402 silly addNameRange     '1.0.0',
402 silly addNameRange     '1.1.0',
402 silly addNameRange     '1.1.1' ] ]
403 silly addNamed he@1.1.1
404 verbose addNamed "1.1.1" is a plain semver version for he
405 http 304 https://registry.npmjs.org/url-join
406 verbose headers { date: 'Wed, 04 Oct 2017 16:41:55 GMT',
406 verbose headers   via: '1.1 varnish',
406 verbose headers   'cache-control': 'max-age=300',
406 verbose headers   etag: 'W/"591cf549-221b"',
406 verbose headers   age: '145',
406 verbose headers   connection: 'keep-alive',
406 verbose headers   'x-served-by': 'cache-gru17135-GRU',
406 verbose headers   'x-cache': 'HIT',
406 verbose headers   'x-cache-hits': '3',
406 verbose headers   'x-timer': 'S1507135315.363361,VS0,VE0',
406 verbose headers   vary: 'Accept-Encoding, Accept' }
407 silly get cb [ 304,
407 silly get   { date: 'Wed, 04 Oct 2017 16:41:55 GMT',
407 silly get     via: '1.1 varnish',
407 silly get     'cache-control': 'max-age=300',
407 silly get     etag: 'W/"591cf549-221b"',
407 silly get     age: '145',
407 silly get     connection: 'keep-alive',
407 silly get     'x-served-by': 'cache-gru17135-GRU',
407 silly get     'x-cache': 'HIT',
407 silly get     'x-cache-hits': '3',
407 silly get     'x-timer': 'S1507135315.363361,VS0,VE0',
407 silly get     vary: 'Accept-Encoding, Accept' } ]
408 verbose etag https://registry.npmjs.org/url-join from cache
409 verbose get saving url-join to /home/danilocbueno/.npm/registry.npmjs.org/url-join/.cache.json
410 silly cache afterAdd he@1.1.1
411 verbose afterAdd /home/danilocbueno/.npm/he/1.1.1/package/package.json not in flight; writing
412 verbose afterAdd /home/danilocbueno/.npm/he/1.1.1/package/package.json written
413 silly resolveWithNewModule url-join@2.0.2 checking installable status
414 silly cache add args [ 'url-join@^2.0.2', null ]
415 verbose cache add spec url-join@^2.0.2
416 silly cache add parsed spec Result {
416 silly cache add   raw: 'url-join@^2.0.2',
416 silly cache add   scope: null,
416 silly cache add   name: 'url-join',
416 silly cache add   rawSpec: '^2.0.2',
416 silly cache add   spec: '>=2.0.2 <3.0.0',
416 silly cache add   type: 'range' }
417 silly addNamed url-join@>=2.0.2 <3.0.0
418 verbose addNamed ">=2.0.2 <3.0.0" is a valid semver range for url-join
419 silly addNameRange { name: 'url-join', range: '>=2.0.2 <3.0.0', hasData: false }
420 silly mapToRegistry name url-join
421 silly mapToRegistry using default registry
422 silly mapToRegistry registry https://registry.npmjs.org/
423 silly mapToRegistry uri https://registry.npmjs.org/url-join
424 verbose addNameRange registry:https://registry.npmjs.org/url-join not in flight; fetching
425 http 304 https://registry.npmjs.org/minimist
426 verbose headers { date: 'Wed, 04 Oct 2017 16:41:55 GMT',
426 verbose headers   via: '1.1 varnish',
426 verbose headers   'cache-control': 'max-age=300',
426 verbose headers   etag: 'W/"59d321b6-7742"',
426 verbose headers   age: '286',
426 verbose headers   connection: 'keep-alive',
426 verbose headers   'x-served-by': 'cache-gru17126-GRU',
426 verbose headers   'x-cache': 'HIT',
426 verbose headers   'x-cache-hits': '13',
426 verbose headers   'x-timer': 'S1507135315.371986,VS0,VE0',
426 verbose headers   vary: 'Accept-Encoding, Accept' }
427 silly get cb [ 304,
427 silly get   { date: 'Wed, 04 Oct 2017 16:41:55 GMT',
427 silly get     via: '1.1 varnish',
427 silly get     'cache-control': 'max-age=300',
427 silly get     etag: 'W/"59d321b6-7742"',
427 silly get     age: '286',
427 silly get     connection: 'keep-alive',
427 silly get     'x-served-by': 'cache-gru17126-GRU',
427 silly get     'x-cache': 'HIT',
427 silly get     'x-cache-hits': '13',
427 silly get     'x-timer': 'S1507135315.371986,VS0,VE0',
427 silly get     vary: 'Accept-Encoding, Accept' } ]
428 verbose etag https://registry.npmjs.org/minimist from cache
429 verbose get saving minimist to /home/danilocbueno/.npm/registry.npmjs.org/minimist/.cache.json
430 http 304 https://registry.npmjs.org/mime
431 verbose headers { date: 'Wed, 04 Oct 2017 16:41:55 GMT',
431 verbose headers   via: '1.1 varnish',
431 verbose headers   'cache-control': 'max-age=300',
431 verbose headers   etag: 'W/"59c94d2f-8fdd"',
431 verbose headers   age: '33',
431 verbose headers   connection: 'keep-alive',
431 verbose headers   'x-served-by': 'cache-gru17125-GRU',
431 verbose headers   'x-cache': 'HIT',
431 verbose headers   'x-cache-hits': '1',
431 verbose headers   'x-timer': 'S1507135315.369653,VS0,VE0',
431 verbose headers   vary: 'Accept-Encoding, Accept' }
432 silly get cb [ 304,
432 silly get   { date: 'Wed, 04 Oct 2017 16:41:55 GMT',
432 silly get     via: '1.1 varnish',
432 silly get     'cache-control': 'max-age=300',
432 silly get     etag: 'W/"59c94d2f-8fdd"',
432 silly get     age: '33',
432 silly get     connection: 'keep-alive',
432 silly get     'x-served-by': 'cache-gru17125-GRU',
432 silly get     'x-cache': 'HIT',
432 silly get     'x-cache-hits': '1',
432 silly get     'x-timer': 'S1507135315.369653,VS0,VE0',
432 silly get     vary: 'Accept-Encoding, Accept' } ]
433 verbose etag https://registry.npmjs.org/mime from cache
434 verbose get saving mime to /home/danilocbueno/.npm/registry.npmjs.org/mime/.cache.json
435 verbose get https://registry.npmjs.org/url-join not expired, no request
436 silly addNameRange number 2 { name: 'url-join', range: '>=2.0.2 <3.0.0', hasData: true }
437 silly addNameRange versions [ 'url-join',
437 silly addNameRange   [ '0.0.1', '1.0.0', '1.1.0', '2.0.0', '2.0.1', '2.0.2' ] ]
438 silly addNamed url-join@2.0.2
439 verbose addNamed "2.0.2" is a plain semver version for url-join
440 silly resolveWithNewModule mime@1.4.1 checking installable status
441 silly cache add args [ 'mime@^1.2.11', null ]
442 verbose cache add spec mime@^1.2.11
443 silly cache add parsed spec Result {
443 silly cache add   raw: 'mime@^1.2.11',
443 silly cache add   scope: null,
443 silly cache add   name: 'mime',
443 silly cache add   rawSpec: '^1.2.11',
443 silly cache add   spec: '>=1.2.11 <2.0.0',
443 silly cache add   type: 'range' }
444 silly addNamed mime@>=1.2.11 <2.0.0
445 verbose addNamed ">=1.2.11 <2.0.0" is a valid semver range for mime
446 silly addNameRange { name: 'mime', range: '>=1.2.11 <2.0.0', hasData: false }
447 silly mapToRegistry name mime
448 silly mapToRegistry using default registry
449 silly mapToRegistry registry https://registry.npmjs.org/
450 silly mapToRegistry uri https://registry.npmjs.org/mime
451 verbose addNameRange registry:https://registry.npmjs.org/mime not in flight; fetching
452 silly resolveWithNewModule minimist@1.2.0 checking installable status
453 silly cache add args [ 'minimist@^1.1.0', null ]
454 verbose cache add spec minimist@^1.1.0
455 silly cache add parsed spec Result {
455 silly cache add   raw: 'minimist@^1.1.0',
455 silly cache add   scope: null,
455 silly cache add   name: 'minimist',
455 silly cache add   rawSpec: '^1.1.0',
455 silly cache add   spec: '>=1.1.0 <2.0.0',
455 silly cache add   type: 'range' }
456 silly addNamed minimist@>=1.1.0 <2.0.0
457 verbose addNamed ">=1.1.0 <2.0.0" is a valid semver range for minimist
458 silly addNameRange { name: 'minimist', range: '>=1.1.0 <2.0.0', hasData: false }
459 silly mapToRegistry name minimist
460 silly mapToRegistry using default registry
461 silly mapToRegistry registry https://registry.npmjs.org/
462 silly mapToRegistry uri https://registry.npmjs.org/minimist
463 verbose addNameRange registry:https://registry.npmjs.org/minimist not in flight; fetching
464 silly cache afterAdd url-join@2.0.2
465 verbose afterAdd /home/danilocbueno/.npm/url-join/2.0.2/package/package.json not in flight; writing
466 verbose get https://registry.npmjs.org/mime not expired, no request
467 silly addNameRange number 2 { name: 'mime', range: '>=1.2.11 <2.0.0', hasData: true }
468 silly addNameRange versions [ 'mime',
468 silly addNameRange   [ '1.0.0',
468 silly addNameRange     '1.1.0',
468 silly addNameRange     '1.2.1',
468 silly addNameRange     '1.2.2',
468 silly addNameRange     '1.2.3',
468 silly addNameRange     '1.2.4',
468 silly addNameRange     '1.2.5',
468 silly addNameRange     '1.2.6',
468 silly addNameRange     '1.2.7',
468 silly addNameRange     '1.2.8',
468 silly addNameRange     '1.2.9',
468 silly addNameRange     '1.2.10',
468 silly addNameRange     '1.2.11',
468 silly addNameRange     '1.3.0',
468 silly addNameRange     '1.3.2',
468 silly addNameRange     '1.3.3',
468 silly addNameRange     '1.3.4',
468 silly addNameRange     '1.3.5',
468 silly addNameRange     '1.3.6',
468 silly addNameRange     '1.4.0',
468 silly addNameRange     '2.0.0',
468 silly addNameRange     '2.0.1',
468 silly addNameRange     '2.0.2',
468 silly addNameRange     '1.4.1',
468 silly addNameRange     '2.0.3' ] ]
469 silly addNamed mime@1.4.1
470 verbose addNamed "1.4.1" is a plain semver version for mime
471 verbose get https://registry.npmjs.org/minimist not expired, no request
472 silly addNameRange number 2 { name: 'minimist', range: '>=1.1.0 <2.0.0', hasData: true }
473 silly addNameRange versions [ 'minimist',
473 silly addNameRange   [ '0.0.0',
473 silly addNameRange     '0.0.1',
473 silly addNameRange     '0.0.2',
473 silly addNameRange     '0.0.3',
473 silly addNameRange     '0.0.4',
473 silly addNameRange     '0.0.5',
473 silly addNameRange     '0.0.6',
473 silly addNameRange     '0.0.7',
473 silly addNameRange     '0.0.8',
473 silly addNameRange     '0.0.9',
473 silly addNameRange     '0.0.10',
473 silly addNameRange     '0.1.0',
473 silly addNameRange     '0.2.0',
473 silly addNameRange     '1.0.0',
473 silly addNameRange     '1.1.0',
473 silly addNameRange     '1.1.1',
473 silly addNameRange     '1.1.2',
473 silly addNameRange     '1.1.3',
473 silly addNameRange     '1.2.0' ] ]
474 silly addNamed minimist@1.2.0
475 verbose addNamed "1.2.0" is a plain semver version for minimist
476 verbose afterAdd /home/danilocbueno/.npm/url-join/2.0.2/package/package.json written
477 silly cache afterAdd minimist@1.2.0
478 verbose afterAdd /home/danilocbueno/.npm/minimist/1.2.0/package/package.json not in flight; writing
479 silly cache afterAdd mime@1.4.1
480 verbose afterAdd /home/danilocbueno/.npm/mime/1.4.1/package/package.json not in flight; writing
481 verbose afterAdd /home/danilocbueno/.npm/minimist/1.2.0/package/package.json written
482 verbose afterAdd /home/danilocbueno/.npm/mime/1.4.1/package/package.json written
483 silly fetchNamedPackageData eventemitter3
484 silly mapToRegistry name eventemitter3
485 silly mapToRegistry using default registry
486 silly mapToRegistry registry https://registry.npmjs.org/
487 silly mapToRegistry uri https://registry.npmjs.org/eventemitter3
488 silly fetchNamedPackageData requires-port
489 silly mapToRegistry name requires-port
490 silly mapToRegistry using default registry
491 silly mapToRegistry registry https://registry.npmjs.org/
492 silly mapToRegistry uri https://registry.npmjs.org/requires-port
493 verbose request uri https://registry.npmjs.org/requires-port
494 verbose request no auth needed
495 info attempt registry request try #1 at 13:41:55
496 verbose etag W/"597409e8-1c61"
497 verbose lastModified Sun, 23 Jul 2017 02:28:56 GMT
498 http request GET https://registry.npmjs.org/requires-port
499 verbose request uri https://registry.npmjs.org/eventemitter3
500 verbose request no auth needed
501 info attempt registry request try #1 at 13:41:55
502 verbose etag W/"59b5df94-8794"
503 verbose lastModified Mon, 11 Sep 2017 00:57:56 GMT
504 http request GET https://registry.npmjs.org/eventemitter3
505 http 304 https://registry.npmjs.org/requires-port
506 verbose headers { date: 'Wed, 04 Oct 2017 16:41:55 GMT',
506 verbose headers   via: '1.1 varnish',
506 verbose headers   'cache-control': 'max-age=300',
506 verbose headers   etag: 'W/"597409e8-1c61"',
506 verbose headers   age: '54',
506 verbose headers   connection: 'keep-alive',
506 verbose headers   'x-served-by': 'cache-gru17121-GRU',
506 verbose headers   'x-cache': 'HIT',
506 verbose headers   'x-cache-hits': '1',
506 verbose headers   'x-timer': 'S1507135315.492137,VS0,VE0',
506 verbose headers   vary: 'Accept-Encoding, Accept' }
507 silly get cb [ 304,
507 silly get   { date: 'Wed, 04 Oct 2017 16:41:55 GMT',
507 silly get     via: '1.1 varnish',
507 silly get     'cache-control': 'max-age=300',
507 silly get     etag: 'W/"597409e8-1c61"',
507 silly get     age: '54',
507 silly get     connection: 'keep-alive',
507 silly get     'x-served-by': 'cache-gru17121-GRU',
507 silly get     'x-cache': 'HIT',
507 silly get     'x-cache-hits': '1',
507 silly get     'x-timer': 'S1507135315.492137,VS0,VE0',
507 silly get     vary: 'Accept-Encoding, Accept' } ]
508 verbose etag https://registry.npmjs.org/requires-port from cache
509 verbose get saving requires-port to /home/danilocbueno/.npm/registry.npmjs.org/requires-port/.cache.json
510 silly resolveWithNewModule requires-port@1.0.0 checking installable status
511 silly cache add args [ 'requires-port@1.x.x', null ]
512 verbose cache add spec requires-port@1.x.x
513 silly cache add parsed spec Result {
513 silly cache add   raw: 'requires-port@1.x.x',
513 silly cache add   scope: null,
513 silly cache add   name: 'requires-port',
513 silly cache add   rawSpec: '1.x.x',
513 silly cache add   spec: '>=1.0.0 <2.0.0',
513 silly cache add   type: 'range' }
514 silly addNamed requires-port@>=1.0.0 <2.0.0
515 verbose addNamed ">=1.0.0 <2.0.0" is a valid semver range for requires-port
516 silly addNameRange { name: 'requires-port',
516 silly addNameRange   range: '>=1.0.0 <2.0.0',
516 silly addNameRange   hasData: false }
517 silly mapToRegistry name requires-port
518 silly mapToRegistry using default registry
519 silly mapToRegistry registry https://registry.npmjs.org/
520 silly mapToRegistry uri https://registry.npmjs.org/requires-port
521 verbose addNameRange registry:https://registry.npmjs.org/requires-port not in flight; fetching
522 verbose get https://registry.npmjs.org/requires-port not expired, no request
523 silly addNameRange number 2 { name: 'requires-port', range: '>=1.0.0 <2.0.0', hasData: true }
524 silly addNameRange versions [ 'requires-port', [ '0.0.0', '0.0.1', '1.0.0' ] ]
525 silly addNamed requires-port@1.0.0
526 verbose addNamed "1.0.0" is a plain semver version for requires-port
527 http 304 https://registry.npmjs.org/eventemitter3
528 verbose headers { date: 'Wed, 04 Oct 2017 16:41:55 GMT',
528 verbose headers   via: '1.1 varnish',
528 verbose headers   'cache-control': 'max-age=300',
528 verbose headers   etag: 'W/"59b5df94-8794"',
528 verbose headers   age: '29',
528 verbose headers   connection: 'keep-alive',
528 verbose headers   'x-served-by': 'cache-gru17122-GRU',
528 verbose headers   'x-cache': 'HIT',
528 verbose headers   'x-cache-hits': '1',
528 verbose headers   'x-timer': 'S1507135316.505565,VS0,VE0',
528 verbose headers   vary: 'Accept-Encoding, Accept' }
529 silly get cb [ 304,
529 silly get   { date: 'Wed, 04 Oct 2017 16:41:55 GMT',
529 silly get     via: '1.1 varnish',
529 silly get     'cache-control': 'max-age=300',
529 silly get     etag: 'W/"59b5df94-8794"',
529 silly get     age: '29',
529 silly get     connection: 'keep-alive',
529 silly get     'x-served-by': 'cache-gru17122-GRU',
529 silly get     'x-cache': 'HIT',
529 silly get     'x-cache-hits': '1',
529 silly get     'x-timer': 'S1507135316.505565,VS0,VE0',
529 silly get     vary: 'Accept-Encoding, Accept' } ]
530 verbose etag https://registry.npmjs.org/eventemitter3 from cache
531 verbose get saving eventemitter3 to /home/danilocbueno/.npm/registry.npmjs.org/eventemitter3/.cache.json
532 silly cache afterAdd requires-port@1.0.0
533 verbose afterAdd /home/danilocbueno/.npm/requires-port/1.0.0/package/package.json not in flight; writing
534 verbose afterAdd /home/danilocbueno/.npm/requires-port/1.0.0/package/package.json written
535 silly resolveWithNewModule eventemitter3@1.2.0 checking installable status
536 silly cache add args [ 'eventemitter3@1.x.x', null ]
537 verbose cache add spec eventemitter3@1.x.x
538 silly cache add parsed spec Result {
538 silly cache add   raw: 'eventemitter3@1.x.x',
538 silly cache add   scope: null,
538 silly cache add   name: 'eventemitter3',
538 silly cache add   rawSpec: '1.x.x',
538 silly cache add   spec: '>=1.0.0 <2.0.0',
538 silly cache add   type: 'range' }
539 silly addNamed eventemitter3@>=1.0.0 <2.0.0
540 verbose addNamed ">=1.0.0 <2.0.0" is a valid semver range for eventemitter3
541 silly addNameRange { name: 'eventemitter3',
541 silly addNameRange   range: '>=1.0.0 <2.0.0',
541 silly addNameRange   hasData: false }
542 silly mapToRegistry name eventemitter3
543 silly mapToRegistry using default registry
544 silly mapToRegistry registry https://registry.npmjs.org/
545 silly mapToRegistry uri https://registry.npmjs.org/eventemitter3
546 verbose addNameRange registry:https://registry.npmjs.org/eventemitter3 not in flight; fetching
547 verbose get https://registry.npmjs.org/eventemitter3 not expired, no request
548 silly addNameRange number 2 { name: 'eventemitter3', range: '>=1.0.0 <2.0.0', hasData: true }
549 silly addNameRange versions [ 'eventemitter3',
549 silly addNameRange   [ '0.0.0',
549 silly addNameRange     '0.0.1',
549 silly addNameRange     '0.1.0',
549 silly addNameRange     '0.1.1',
549 silly addNameRange     '0.1.2',
549 silly addNameRange     '0.1.3',
549 silly addNameRange     '0.1.4',
549 silly addNameRange     '0.1.5',
549 silly addNameRange     '0.1.6',
549 silly addNameRange     '1.0.0',
549 silly addNameRange     '1.0.1',
549 silly addNameRange     '1.0.2',
549 silly addNameRange     '1.0.3',
549 silly addNameRange     '1.1.0',
549 silly addNameRange     '1.1.1',
549 silly addNameRange     '1.2.0',
549 silly addNameRange     '2.0.0',
549 silly addNameRange     '2.0.1',
549 silly addNameRange     '2.0.2',
549 silly addNameRange     '2.0.3' ] ]
550 silly addNamed eventemitter3@1.2.0
551 verbose addNamed "1.2.0" is a plain semver version for eventemitter3
552 silly cache afterAdd eventemitter3@1.2.0
553 verbose afterAdd /home/danilocbueno/.npm/eventemitter3/1.2.0/package/package.json not in flight; writing
554 verbose afterAdd /home/danilocbueno/.npm/eventemitter3/1.2.0/package/package.json written
555 silly fetchNamedPackageData wordwrap
556 silly mapToRegistry name wordwrap
557 silly mapToRegistry using default registry
558 silly mapToRegistry registry https://registry.npmjs.org/
559 silly mapToRegistry uri https://registry.npmjs.org/wordwrap
560 silly fetchNamedPackageData minimist
561 silly mapToRegistry name minimist
562 silly mapToRegistry using default registry
563 silly mapToRegistry registry https://registry.npmjs.org/
564 silly mapToRegistry uri https://registry.npmjs.org/minimist
565 silly resolveWithNewModule minimist@0.0.10 checking installable status
566 silly cache add args [ 'minimist@~0.0.1', null ]
567 verbose cache add spec minimist@~0.0.1
568 silly cache add parsed spec Result {
568 silly cache add   raw: 'minimist@~0.0.1',
568 silly cache add   scope: null,
568 silly cache add   name: 'minimist',
568 silly cache add   rawSpec: '~0.0.1',
568 silly cache add   spec: '>=0.0.1 <0.1.0',
568 silly cache add   type: 'range' }
569 silly addNamed minimist@>=0.0.1 <0.1.0
570 verbose addNamed ">=0.0.1 <0.1.0" is a valid semver range for minimist
571 silly addNameRange { name: 'minimist', range: '>=0.0.1 <0.1.0', hasData: false }
572 silly mapToRegistry name minimist
573 silly mapToRegistry using default registry
574 silly mapToRegistry registry https://registry.npmjs.org/
575 silly mapToRegistry uri https://registry.npmjs.org/minimist
576 verbose addNameRange registry:https://registry.npmjs.org/minimist not in flight; fetching
577 verbose request uri https://registry.npmjs.org/wordwrap
578 verbose request no auth needed
579 info attempt registry request try #1 at 13:41:55
580 verbose etag W/"59899067-1b0e"
581 verbose lastModified Tue, 08 Aug 2017 10:20:23 GMT
582 http request GET https://registry.npmjs.org/wordwrap
583 verbose get https://registry.npmjs.org/minimist not expired, no request
584 silly addNameRange number 2 { name: 'minimist', range: '>=0.0.1 <0.1.0', hasData: true }
585 silly addNameRange versions [ 'minimist',
585 silly addNameRange   [ '0.0.0',
585 silly addNameRange     '0.0.1',
585 silly addNameRange     '0.0.2',
585 silly addNameRange     '0.0.3',
585 silly addNameRange     '0.0.4',
585 silly addNameRange     '0.0.5',
585 silly addNameRange     '0.0.6',
585 silly addNameRange     '0.0.7',
585 silly addNameRange     '0.0.8',
585 silly addNameRange     '0.0.9',
585 silly addNameRange     '0.0.10',
585 silly addNameRange     '0.1.0',
585 silly addNameRange     '0.2.0',
585 silly addNameRange     '1.0.0',
585 silly addNameRange     '1.1.0',
585 silly addNameRange     '1.1.1',
585 silly addNameRange     '1.1.2',
585 silly addNameRange     '1.1.3',
585 silly addNameRange     '1.2.0' ] ]
586 silly addNamed minimist@0.0.10
587 verbose addNamed "0.0.10" is a plain semver version for minimist
588 silly cache afterAdd minimist@0.0.10
589 verbose afterAdd /home/danilocbueno/.npm/minimist/0.0.10/package/package.json not in flight; writing
590 verbose afterAdd /home/danilocbueno/.npm/minimist/0.0.10/package/package.json written
591 http 304 https://registry.npmjs.org/wordwrap
592 verbose headers { date: 'Wed, 04 Oct 2017 16:41:55 GMT',
592 verbose headers   via: '1.1 varnish',
592 verbose headers   'cache-control': 'max-age=300',
592 verbose headers   etag: 'W/"59899067-1b0e"',
592 verbose headers   age: '236',
592 verbose headers   connection: 'keep-alive',
592 verbose headers   'x-served-by': 'cache-gru17125-GRU',
592 verbose headers   'x-cache': 'HIT',
592 verbose headers   'x-cache-hits': '6',
592 verbose headers   'x-timer': 'S1507135316.626611,VS0,VE0',
592 verbose headers   vary: 'Accept-Encoding, Accept' }
593 silly get cb [ 304,
593 silly get   { date: 'Wed, 04 Oct 2017 16:41:55 GMT',
593 silly get     via: '1.1 varnish',
593 silly get     'cache-control': 'max-age=300',
593 silly get     etag: 'W/"59899067-1b0e"',
593 silly get     age: '236',
593 silly get     connection: 'keep-alive',
593 silly get     'x-served-by': 'cache-gru17125-GRU',
593 silly get     'x-cache': 'HIT',
593 silly get     'x-cache-hits': '6',
593 silly get     'x-timer': 'S1507135316.626611,VS0,VE0',
593 silly get     vary: 'Accept-Encoding, Accept' } ]
594 verbose etag https://registry.npmjs.org/wordwrap from cache
595 verbose get saving wordwrap to /home/danilocbueno/.npm/registry.npmjs.org/wordwrap/.cache.json
596 silly resolveWithNewModule wordwrap@0.0.3 checking installable status
597 silly cache add args [ 'wordwrap@~0.0.2', null ]
598 verbose cache add spec wordwrap@~0.0.2
599 silly cache add parsed spec Result {
599 silly cache add   raw: 'wordwrap@~0.0.2',
599 silly cache add   scope: null,
599 silly cache add   name: 'wordwrap',
599 silly cache add   rawSpec: '~0.0.2',
599 silly cache add   spec: '>=0.0.2 <0.1.0',
599 silly cache add   type: 'range' }
600 silly addNamed wordwrap@>=0.0.2 <0.1.0
601 verbose addNamed ">=0.0.2 <0.1.0" is a valid semver range for wordwrap
602 silly addNameRange { name: 'wordwrap', range: '>=0.0.2 <0.1.0', hasData: false }
603 silly mapToRegistry name wordwrap
604 silly mapToRegistry using default registry
605 silly mapToRegistry registry https://registry.npmjs.org/
606 silly mapToRegistry uri https://registry.npmjs.org/wordwrap
607 verbose addNameRange registry:https://registry.npmjs.org/wordwrap not in flight; fetching
608 verbose get https://registry.npmjs.org/wordwrap not expired, no request
609 silly addNameRange number 2 { name: 'wordwrap', range: '>=0.0.2 <0.1.0', hasData: true }
610 silly addNameRange versions [ 'wordwrap', [ '0.0.1', '0.0.2', '0.0.3', '1.0.0' ] ]
611 silly addNamed wordwrap@0.0.3
612 verbose addNamed "0.0.3" is a plain semver version for wordwrap
613 silly cache afterAdd wordwrap@0.0.3
614 verbose afterAdd /home/danilocbueno/.npm/wordwrap/0.0.3/package/package.json not in flight; writing
615 verbose afterAdd /home/danilocbueno/.npm/wordwrap/0.0.3/package/package.json written
616 silly fetchNamedPackageData async
617 silly mapToRegistry name async
618 silly mapToRegistry using default registry
619 silly mapToRegistry registry https://registry.npmjs.org/
620 silly mapToRegistry uri https://registry.npmjs.org/async
621 silly fetchNamedPackageData debug
622 silly mapToRegistry name debug
623 silly mapToRegistry using default registry
624 silly mapToRegistry registry https://registry.npmjs.org/
625 silly mapToRegistry uri https://registry.npmjs.org/debug
626 silly fetchNamedPackageData mkdirp
627 silly mapToRegistry name mkdirp
628 silly mapToRegistry using default registry
629 silly mapToRegistry registry https://registry.npmjs.org/
630 silly mapToRegistry uri https://registry.npmjs.org/mkdirp
631 verbose request uri https://registry.npmjs.org/debug
632 verbose request no auth needed
633 info attempt registry request try #1 at 13:41:55
634 verbose etag W/"59ce5c7f-18df5"
635 verbose lastModified Fri, 29 Sep 2017 14:45:19 GMT
636 http request GET https://registry.npmjs.org/debug
637 verbose request uri https://registry.npmjs.org/mkdirp
638 verbose request no auth needed
639 info attempt registry request try #1 at 13:41:55
640 verbose etag W/"59ca9aa0-6744"
641 verbose lastModified Tue, 26 Sep 2017 18:21:20 GMT
642 http request GET https://registry.npmjs.org/mkdirp
643 verbose request uri https://registry.npmjs.org/async
644 verbose request no auth needed
645 info attempt registry request try #1 at 13:41:55
646 verbose etag W/"59d4e056-21fcb"
647 verbose lastModified Wed, 04 Oct 2017 13:21:26 GMT
648 http request GET https://registry.npmjs.org/async
649 http 304 https://registry.npmjs.org/debug
650 verbose headers { date: 'Wed, 04 Oct 2017 16:41:55 GMT',
650 verbose headers   via: '1.1 varnish',
650 verbose headers   'cache-control': 'max-age=300',
650 verbose headers   etag: 'W/"59ce5c7f-18df5"',
650 verbose headers   age: '177',
650 verbose headers   connection: 'keep-alive',
650 verbose headers   'x-served-by': 'cache-gru17126-GRU',
650 verbose headers   'x-cache': 'HIT',
650 verbose headers   'x-cache-hits': '10',
650 verbose headers   'x-timer': 'S1507135316.759267,VS0,VE0',
650 verbose headers   vary: 'Accept-Encoding, Accept' }
651 silly get cb [ 304,
651 silly get   { date: 'Wed, 04 Oct 2017 16:41:55 GMT',
651 silly get     via: '1.1 varnish',
651 silly get     'cache-control': 'max-age=300',
651 silly get     etag: 'W/"59ce5c7f-18df5"',
651 silly get     age: '177',
651 silly get     connection: 'keep-alive',
651 silly get     'x-served-by': 'cache-gru17126-GRU',
651 silly get     'x-cache': 'HIT',
651 silly get     'x-cache-hits': '10',
651 silly get     'x-timer': 'S1507135316.759267,VS0,VE0',
651 silly get     vary: 'Accept-Encoding, Accept' } ]
652 verbose etag https://registry.npmjs.org/debug from cache
653 verbose get saving debug to /home/danilocbueno/.npm/registry.npmjs.org/debug/.cache.json
654 http 304 https://registry.npmjs.org/async
655 verbose headers { date: 'Wed, 04 Oct 2017 16:41:55 GMT',
655 verbose headers   via: '1.1 varnish',
655 verbose headers   'cache-control': 'max-age=300',
655 verbose headers   etag: 'W/"59d4e056-21fcb"',
655 verbose headers   age: '222',
655 verbose headers   connection: 'keep-alive',
655 verbose headers   'x-served-by': 'cache-gru17128-GRU',
655 verbose headers   'x-cache': 'HIT',
655 verbose headers   'x-cache-hits': '10',
655 verbose headers   'x-timer': 'S1507135316.759999,VS0,VE0',
655 verbose headers   vary: 'Accept-Encoding, Accept' }
656 silly get cb [ 304,
656 silly get   { date: 'Wed, 04 Oct 2017 16:41:55 GMT',
656 silly get     via: '1.1 varnish',
656 silly get     'cache-control': 'max-age=300',
656 silly get     etag: 'W/"59d4e056-21fcb"',
656 silly get     age: '222',
656 silly get     connection: 'keep-alive',
656 silly get     'x-served-by': 'cache-gru17128-GRU',
656 silly get     'x-cache': 'HIT',
656 silly get     'x-cache-hits': '10',
656 silly get     'x-timer': 'S1507135316.759999,VS0,VE0',
656 silly get     vary: 'Accept-Encoding, Accept' } ]
657 verbose etag https://registry.npmjs.org/async from cache
658 verbose get saving async to /home/danilocbueno/.npm/registry.npmjs.org/async/.cache.json
659 http 304 https://registry.npmjs.org/mkdirp
660 verbose headers { date: 'Wed, 04 Oct 2017 16:41:55 GMT',
660 verbose headers   via: '1.1 varnish',
660 verbose headers   'cache-control': 'max-age=300',
660 verbose headers   etag: 'W/"59ca9aa0-6744"',
660 verbose headers   age: '103',
660 verbose headers   connection: 'keep-alive',
660 verbose headers   'x-served-by': 'cache-gru17135-GRU',
660 verbose headers   'x-cache': 'HIT',
660 verbose headers   'x-cache-hits': '5',
660 verbose headers   'x-timer': 'S1507135316.760637,VS0,VE0',
660 verbose headers   vary: 'Accept-Encoding, Accept' }
661 silly get cb [ 304,
661 silly get   { date: 'Wed, 04 Oct 2017 16:41:55 GMT',
661 silly get     via: '1.1 varnish',
661 silly get     'cache-control': 'max-age=300',
661 silly get     etag: 'W/"59ca9aa0-6744"',
661 silly get     age: '103',
661 silly get     connection: 'keep-alive',
661 silly get     'x-served-by': 'cache-gru17135-GRU',
661 silly get     'x-cache': 'HIT',
661 silly get     'x-cache-hits': '5',
661 silly get     'x-timer': 'S1507135316.760637,VS0,VE0',
661 silly get     vary: 'Accept-Encoding, Accept' } ]
662 verbose etag https://registry.npmjs.org/mkdirp from cache
663 verbose get saving mkdirp to /home/danilocbueno/.npm/registry.npmjs.org/mkdirp/.cache.json
664 silly resolveWithNewModule async@1.5.2 checking installable status
665 silly cache add args [ 'async@^1.5.2', null ]
666 verbose cache add spec async@^1.5.2
667 silly cache add parsed spec Result {
667 silly cache add   raw: 'async@^1.5.2',
667 silly cache add   scope: null,
667 silly cache add   name: 'async',
667 silly cache add   rawSpec: '^1.5.2',
667 silly cache add   spec: '>=1.5.2 <2.0.0',
667 silly cache add   type: 'range' }
668 silly addNamed async@>=1.5.2 <2.0.0
669 verbose addNamed ">=1.5.2 <2.0.0" is a valid semver range for async
670 silly addNameRange { name: 'async', range: '>=1.5.2 <2.0.0', hasData: false }
671 silly mapToRegistry name async
672 silly mapToRegistry using default registry
673 silly mapToRegistry registry https://registry.npmjs.org/
674 silly mapToRegistry uri https://registry.npmjs.org/async
675 verbose addNameRange registry:https://registry.npmjs.org/async not in flight; fetching
676 silly resolveWithNewModule debug@2.6.9 checking installable status
677 silly cache add args [ 'debug@^2.2.0', null ]
678 verbose cache add spec debug@^2.2.0
679 silly cache add parsed spec Result {
679 silly cache add   raw: 'debug@^2.2.0',
679 silly cache add   scope: null,
679 silly cache add   name: 'debug',
679 silly cache add   rawSpec: '^2.2.0',
679 silly cache add   spec: '>=2.2.0 <3.0.0',
679 silly cache add   type: 'range' }
680 silly addNamed debug@>=2.2.0 <3.0.0
681 verbose addNamed ">=2.2.0 <3.0.0" is a valid semver range for debug
682 silly addNameRange { name: 'debug', range: '>=2.2.0 <3.0.0', hasData: false }
683 silly mapToRegistry name debug
684 silly mapToRegistry using default registry
685 silly mapToRegistry registry https://registry.npmjs.org/
686 silly mapToRegistry uri https://registry.npmjs.org/debug
687 verbose addNameRange registry:https://registry.npmjs.org/debug not in flight; fetching
688 verbose get https://registry.npmjs.org/async not expired, no request
689 silly addNameRange number 2 { name: 'async', range: '>=1.5.2 <2.0.0', hasData: true }
690 silly addNameRange versions [ 'async',
690 silly addNameRange   [ '0.1.0',
690 silly addNameRange     '0.1.1',
690 silly addNameRange     '0.1.2',
690 silly addNameRange     '0.1.3',
690 silly addNameRange     '0.1.4',
690 silly addNameRange     '0.1.5',
690 silly addNameRange     '0.1.6',
690 silly addNameRange     '0.1.7',
690 silly addNameRange     '0.1.8',
690 silly addNameRange     '0.1.9',
690 silly addNameRange     '0.1.10',
690 silly addNameRange     '0.1.11',
690 silly addNameRange     '0.1.12',
690 silly addNameRange     '0.1.13',
690 silly addNameRange     '0.1.14',
690 silly addNameRange     '0.1.15',
690 silly addNameRange     '0.1.16',
690 silly addNameRange     '0.1.17',
690 silly addNameRange     '0.1.18',
690 silly addNameRange     '0.1.19',
690 silly addNameRange     '0.1.20',
690 silly addNameRange     '0.1.21',
690 silly addNameRange     '0.1.22',
690 silly addNameRange     '0.2.0',
690 silly addNameRange     '0.2.1',
690 silly addNameRange     '0.2.2',
690 silly addNameRange     '0.2.3',
690 silly addNameRange     '0.2.4',
690 silly addNameRange     '0.2.5',
690 silly addNameRange     '0.2.6',
690 silly addNameRange     '0.2.7',
690 silly addNameRange     '0.2.8',
690 silly addNameRange     '0.2.9',
690 silly addNameRange     '0.2.10',
690 silly addNameRange     '0.3.0',
690 silly addNameRange     '0.4.0',
690 silly addNameRange     '0.4.1',
690 silly addNameRange     '0.5.0',
690 silly addNameRange     '0.6.0',
690 silly addNameRange     '0.6.1',
690 silly addNameRange     '0.6.2',
690 silly addNameRange     '0.7.0',
690 silly addNameRange     '0.8.0',
690 silly addNameRange     '0.9.0',
690 silly addNameRange     '0.9.2',
690 silly addNameRange     '1.0.0',
690 silly addNameRange     '1.1.0',
690 silly addNameRange     '1.2.0',
690 silly addNameRange     '1.1.1',
690 silly addNameRange     '1.2.1',
690 silly addNameRange     '1.3.0',
690 silly addNameRange     '1.4.0',
690 silly addNameRange     '1.4.1',
690 silly addNameRange     '1.4.2',
690 silly addNameRange     '1.5.0',
690 silly addNameRange     '1.5.1',
690 silly addNameRange     '1.5.2',
690 silly addNameRange     '2.0.0-alpha.0',
690 silly addNameRange     '2.0.0-rc.1',
690 silly addNameRange     '2.0.0-rc.2',
690 silly addNameRange     '2.0.0-rc.3',
690 silly addNameRange     '2.0.0-rc.4',
690 silly addNameRange     '2.0.0-rc.5',
690 silly addNameRange     '2.0.0-rc.6',
690 silly addNameRange     '2.0.0',
690 silly addNameRange     '2.0.1',
690 silly addNameRange     '2.1.0',
690 silly addNameRange     '2.1.1',
690 silly addNameRange     '2.1.2',
690 silly addNameRange     '2.1.4',
690 silly addNameRange     '2.1.5',
690 silly addNameRange     '2.2.0',
690 silly addNameRange     '2.3.0',
690 silly addNameRange     '2.4.0',
690 silly addNameRange     '2.4.1',
690 silly addNameRange     '2.5.0' ] ]
691 silly addNamed async@1.5.2
692 verbose addNamed "1.5.2" is a plain semver version for async
693 silly resolveWithNewModule mkdirp@0.5.1 checking installable status
694 silly cache add args [ 'mkdirp@0.5.x', null ]
695 verbose cache add spec mkdirp@0.5.x
696 silly cache add parsed spec Result {
696 silly cache add   raw: 'mkdirp@0.5.x',
696 silly cache add   scope: null,
696 silly cache add   name: 'mkdirp',
696 silly cache add   rawSpec: '0.5.x',
696 silly cache add   spec: '>=0.5.0 <0.6.0',
696 silly cache add   type: 'range' }
697 silly addNamed mkdirp@>=0.5.0 <0.6.0
698 verbose addNamed ">=0.5.0 <0.6.0" is a valid semver range for mkdirp
699 silly addNameRange { name: 'mkdirp', range: '>=0.5.0 <0.6.0', hasData: false }
700 silly mapToRegistry name mkdirp
701 silly mapToRegistry using default registry
702 silly mapToRegistry registry https://registry.npmjs.org/
703 silly mapToRegistry uri https://registry.npmjs.org/mkdirp
704 verbose addNameRange registry:https://registry.npmjs.org/mkdirp not in flight; fetching
705 verbose get https://registry.npmjs.org/debug not expired, no request
706 silly addNameRange number 2 { name: 'debug', range: '>=2.2.0 <3.0.0', hasData: true }
707 silly addNameRange versions [ 'debug',
707 silly addNameRange   [ '0.0.1',
707 silly addNameRange     '0.1.0',
707 silly addNameRange     '0.2.0',
707 silly addNameRange     '0.3.0',
707 silly addNameRange     '0.4.0',
707 silly addNameRange     '0.4.1',
707 silly addNameRange     '0.5.0',
707 silly addNameRange     '0.6.0',
707 silly addNameRange     '0.7.0',
707 silly addNameRange     '0.7.1',
707 silly addNameRange     '0.7.2',
707 silly addNameRange     '0.7.3',
707 silly addNameRange     '0.7.4',
707 silly addNameRange     '0.8.0',
707 silly addNameRange     '0.8.1',
707 silly addNameRange     '1.0.0',
707 silly addNameRange     '1.0.1',
707 silly addNameRange     '1.0.2',
707 silly addNameRange     '1.0.3',
707 silly addNameRange     '1.0.4',
707 silly addNameRange     '2.0.0',
707 silly addNameRange     '2.1.0',
707 silly addNameRange     '2.1.1',
707 silly addNameRange     '2.1.2',
707 silly addNameRange     '2.1.3',
707 silly addNameRange     '2.2.0',
707 silly addNameRange     '2.3.0',
707 silly addNameRange     '2.3.1',
707 silly addNameRange     '2.3.2',
707 silly addNameRange     '2.3.3',
707 silly addNameRange     '2.4.0',
707 silly addNameRange     '2.4.1',
707 silly addNameRange     '2.4.2',
707 silly addNameRange     '2.4.3',
707 silly addNameRange     '2.4.4',
707 silly addNameRange     '2.4.5',
707 silly addNameRange     '2.5.0',
707 silly addNameRange     '2.5.1',
707 silly addNameRange     '2.5.2',
707 silly addNameRange     '2.6.0',
707 silly addNameRange     '2.6.1',
707 silly addNameRange     '2.6.2',
707 silly addNameRange     '2.6.3',
707 silly addNameRange     '2.6.4',
707 silly addNameRange     '2.6.5',
707 silly addNameRange     '2.6.6',
707 silly addNameRange     '2.6.7',
707 silly addNameRange     '2.6.8',
707 silly addNameRange     '1.0.5',
707 silly addNameRange     '3.0.0',
707 silly addNameRange     '3.0.1',
707 silly addNameRange     '2.6.9',
707 silly addNameRange     '3.1.0' ] ]
708 silly addNamed debug@2.6.9
709 verbose addNamed "2.6.9" is a plain semver version for debug
710 silly cache afterAdd async@1.5.2
711 verbose afterAdd /home/danilocbueno/.npm/async/1.5.2/package/package.json not in flight; writing
712 verbose get https://registry.npmjs.org/mkdirp not expired, no request
713 silly addNameRange number 2 { name: 'mkdirp', range: '>=0.5.0 <0.6.0', hasData: true }
714 silly addNameRange versions [ 'mkdirp',
714 silly addNameRange   [ '0.0.1',
714 silly addNameRange     '0.0.2',
714 silly addNameRange     '0.0.3',
714 silly addNameRange     '0.0.4',
714 silly addNameRange     '0.0.5',
714 silly addNameRange     '0.0.6',
714 silly addNameRange     '0.0.7',
714 silly addNameRange     '0.1.0',
714 silly addNameRange     '0.2.0',
714 silly addNameRange     '0.2.1',
714 silly addNameRange     '0.2.2',
714 silly addNameRange     '0.3.0',
714 silly addNameRange     '0.3.1',
714 silly addNameRange     '0.3.2',
714 silly addNameRange     '0.3.3',
714 silly addNameRange     '0.3.4',
714 silly addNameRange     '0.3.5',
714 silly addNameRange     '0.4.0',
714 silly addNameRange     '0.4.1',
714 silly addNameRange     '0.4.2',
714 silly addNameRange     '0.5.0',
714 silly addNameRange     '0.5.1' ] ]
715 silly addNamed mkdirp@0.5.1
716 verbose addNamed "0.5.1" is a plain semver version for mkdirp
717 silly cache afterAdd debug@2.6.9
718 verbose afterAdd /home/danilocbueno/.npm/debug/2.6.9/package/package.json not in flight; writing
719 verbose afterAdd /home/danilocbueno/.npm/async/1.5.2/package/package.json written
720 silly cache afterAdd mkdirp@0.5.1
721 verbose afterAdd /home/danilocbueno/.npm/mkdirp/0.5.1/package/package.json not in flight; writing
722 verbose afterAdd /home/danilocbueno/.npm/debug/2.6.9/package/package.json written
723 verbose afterAdd /home/danilocbueno/.npm/mkdirp/0.5.1/package/package.json written
724 silly fetchNamedPackageData ms
725 silly mapToRegistry name ms
726 silly mapToRegistry using default registry
727 silly mapToRegistry registry https://registry.npmjs.org/
728 silly mapToRegistry uri https://registry.npmjs.org/ms
729 verbose request uri https://registry.npmjs.org/ms
730 verbose request no auth needed
731 info attempt registry request try #1 at 13:41:55
732 verbose etag W/"59ce074e-3c89"
733 verbose lastModified Fri, 29 Sep 2017 08:41:50 GMT
734 http request GET https://registry.npmjs.org/ms
735 http 304 https://registry.npmjs.org/ms
736 verbose headers { date: 'Wed, 04 Oct 2017 16:41:55 GMT',
736 verbose headers   via: '1.1 varnish',
736 verbose headers   'cache-control': 'max-age=300',
736 verbose headers   etag: 'W/"59ce074e-3c89"',
736 verbose headers   age: '145',
736 verbose headers   connection: 'keep-alive',
736 verbose headers   'x-served-by': 'cache-gru17128-GRU',
736 verbose headers   'x-cache': 'HIT',
736 verbose headers   'x-cache-hits': '5',
736 verbose headers   'x-timer': 'S1507135316.918523,VS0,VE0',
736 verbose headers   vary: 'Accept-Encoding, Accept' }
737 silly get cb [ 304,
737 silly get   { date: 'Wed, 04 Oct 2017 16:41:55 GMT',
737 silly get     via: '1.1 varnish',
737 silly get     'cache-control': 'max-age=300',
737 silly get     etag: 'W/"59ce074e-3c89"',
737 silly get     age: '145',
737 silly get     connection: 'keep-alive',
737 silly get     'x-served-by': 'cache-gru17128-GRU',
737 silly get     'x-cache': 'HIT',
737 silly get     'x-cache-hits': '5',
737 silly get     'x-timer': 'S1507135316.918523,VS0,VE0',
737 silly get     vary: 'Accept-Encoding, Accept' } ]
738 verbose etag https://registry.npmjs.org/ms from cache
739 verbose get saving ms to /home/danilocbueno/.npm/registry.npmjs.org/ms/.cache.json
740 silly resolveWithNewModule ms@2.0.0 checking installable status
741 silly cache add args [ 'ms@2.0.0', null ]
742 verbose cache add spec ms@2.0.0
743 silly cache add parsed spec Result {
743 silly cache add   raw: 'ms@2.0.0',
743 silly cache add   scope: null,
743 silly cache add   name: 'ms',
743 silly cache add   rawSpec: '2.0.0',
743 silly cache add   spec: '2.0.0',
743 silly cache add   type: 'version' }
744 silly addNamed ms@2.0.0
745 verbose addNamed "2.0.0" is a plain semver version for ms
746 silly mapToRegistry name ms
747 silly mapToRegistry using default registry
748 silly mapToRegistry registry https://registry.npmjs.org/
749 silly mapToRegistry uri https://registry.npmjs.org/ms
750 verbose addNameVersion registry:https://registry.npmjs.org/ms not in flight; fetching
751 verbose get https://registry.npmjs.org/ms not expired, no request
752 silly cache afterAdd ms@2.0.0
753 verbose afterAdd /home/danilocbueno/.npm/ms/2.0.0/package/package.json not in flight; writing
754 verbose afterAdd /home/danilocbueno/.npm/ms/2.0.0/package/package.json written
755 silly fetchNamedPackageData minimist
756 silly mapToRegistry name minimist
757 silly mapToRegistry using default registry
758 silly mapToRegistry registry https://registry.npmjs.org/
759 silly mapToRegistry uri https://registry.npmjs.org/minimist
760 silly resolveWithNewModule minimist@0.0.8 checking installable status
761 silly cache add args [ 'minimist@0.0.8', null ]
762 verbose cache add spec minimist@0.0.8
763 silly cache add parsed spec Result {
763 silly cache add   raw: 'minimist@0.0.8',
763 silly cache add   scope: null,
763 silly cache add   name: 'minimist',
763 silly cache add   rawSpec: '0.0.8',
763 silly cache add   spec: '0.0.8',
763 silly cache add   type: 'version' }
764 silly addNamed minimist@0.0.8
765 verbose addNamed "0.0.8" is a plain semver version for minimist
766 silly mapToRegistry name minimist
767 silly mapToRegistry using default registry
768 silly mapToRegistry registry https://registry.npmjs.org/
769 silly mapToRegistry uri https://registry.npmjs.org/minimist
770 verbose addNameVersion registry:https://registry.npmjs.org/minimist not in flight; fetching
771 verbose get https://registry.npmjs.org/minimist not expired, no request
772 silly cache afterAdd minimist@0.0.8
773 verbose afterAdd /home/danilocbueno/.npm/minimist/0.0.8/package/package.json not in flight; writing
774 verbose afterAdd /home/danilocbueno/.npm/minimist/0.0.8/package/package.json written
775 silly fetchNamedPackageData qs
776 silly mapToRegistry name qs
777 silly mapToRegistry using default registry
778 silly mapToRegistry registry https://registry.npmjs.org/
779 silly mapToRegistry uri https://registry.npmjs.org/qs
780 verbose request uri https://registry.npmjs.org/qs
781 verbose request no auth needed
782 info attempt registry request try #1 at 13:41:55
783 verbose etag W/"59d24c1a-18eff"
784 verbose lastModified Mon, 02 Oct 2017 14:24:26 GMT
785 http request GET https://registry.npmjs.org/qs
786 http 304 https://registry.npmjs.org/qs
787 verbose headers { date: 'Wed, 04 Oct 2017 16:41:56 GMT',
787 verbose headers   via: '1.1 varnish',
787 verbose headers   'cache-control': 'max-age=300',
787 verbose headers   etag: 'W/"59d24c1a-18eff"',
787 verbose headers   age: '143',
787 verbose headers   connection: 'keep-alive',
787 verbose headers   'x-served-by': 'cache-gru17133-GRU',
787 verbose headers   'x-cache': 'HIT',
787 verbose headers   'x-cache-hits': '6',
787 verbose headers   'x-timer': 'S1507135316.050122,VS0,VE0',
787 verbose headers   vary: 'Accept-Encoding, Accept' }
788 silly get cb [ 304,
788 silly get   { date: 'Wed, 04 Oct 2017 16:41:56 GMT',
788 silly get     via: '1.1 varnish',
788 silly get     'cache-control': 'max-age=300',
788 silly get     etag: 'W/"59d24c1a-18eff"',
788 silly get     age: '143',
788 silly get     connection: 'keep-alive',
788 silly get     'x-served-by': 'cache-gru17133-GRU',
788 silly get     'x-cache': 'HIT',
788 silly get     'x-cache-hits': '6',
788 silly get     'x-timer': 'S1507135316.050122,VS0,VE0',
788 silly get     vary: 'Accept-Encoding, Accept' } ]
789 verbose etag https://registry.npmjs.org/qs from cache
790 verbose get saving qs to /home/danilocbueno/.npm/registry.npmjs.org/qs/.cache.json
791 silly resolveWithNewModule qs@2.3.3 checking installable status
792 silly cache add args [ 'qs@~2.3.3', null ]
793 verbose cache add spec qs@~2.3.3
794 silly cache add parsed spec Result {
794 silly cache add   raw: 'qs@~2.3.3',
794 silly cache add   scope: null,
794 silly cache add   name: 'qs',
794 silly cache add   rawSpec: '~2.3.3',
794 silly cache add   spec: '>=2.3.3 <2.4.0',
794 silly cache add   type: 'range' }
795 silly addNamed qs@>=2.3.3 <2.4.0
796 verbose addNamed ">=2.3.3 <2.4.0" is a valid semver range for qs
797 silly addNameRange { name: 'qs', range: '>=2.3.3 <2.4.0', hasData: false }
798 silly mapToRegistry name qs
799 silly mapToRegistry using default registry
800 silly mapToRegistry registry https://registry.npmjs.org/
801 silly mapToRegistry uri https://registry.npmjs.org/qs
802 verbose addNameRange registry:https://registry.npmjs.org/qs not in flight; fetching
803 verbose get https://registry.npmjs.org/qs not expired, no request
804 silly addNameRange number 2 { name: 'qs', range: '>=2.3.3 <2.4.0', hasData: true }
805 silly addNameRange versions [ 'qs',
805 silly addNameRange   [ '0.0.1',
805 silly addNameRange     '0.0.2',
805 silly addNameRange     '0.0.3',
805 silly addNameRange     '0.0.4',
805 silly addNameRange     '0.0.5',
805 silly addNameRange     '0.0.6',
805 silly addNameRange     '0.0.7',
805 silly addNameRange     '0.1.0',
805 silly addNameRange     '0.2.0',
805 silly addNameRange     '0.3.0',
805 silly addNameRange     '0.3.1',
805 silly addNameRange     '0.3.2',
805 silly addNameRange     '0.4.0',
805 silly addNameRange     '0.4.1',
805 silly addNameRange     '0.4.2',
805 silly addNameRange     '0.5.0',
805 silly addNameRange     '0.5.1',
805 silly addNameRange     '0.5.2',
805 silly addNameRange     '0.5.3',
805 silly addNameRange     '0.5.4',
805 silly addNameRange     '0.5.5',
805 silly addNameRange     '0.5.6',
805 silly addNameRange     '0.6.0',
805 silly addNameRange     '0.6.1',
805 silly addNameRange     '0.6.2',
805 silly addNameRange     '0.6.3',
805 silly addNameRange     '0.6.4',
805 silly addNameRange     '0.6.5',
805 silly addNameRange     '0.6.6',
805 silly addNameRange     '1.0.0',
805 silly addNameRange     '1.0.1',
805 silly addNameRange     '1.0.2',
805 silly addNameRange     '1.1.0',
805 silly addNameRange     '1.2.0',
805 silly addNameRange     '1.2.1',
805 silly addNameRange     '1.2.2',
805 silly addNameRange     '2.0.0',
805 silly addNameRange     '2.1.0',
805 silly addNameRange     '2.2.0',
805 silly addNameRange     '2.2.1',
805 silly addNameRange     '2.2.2',
805 silly addNameRange     '2.2.3',
805 silly addNameRange     '2.2.4',
805 silly addNameRange     '2.2.5',
805 silly addNameRange     '2.3.0',
805 silly addNameRange     '2.3.1',
805 silly addNameRange     '2.3.2',
805 silly addNameRange     '2.3.3',
805 silly addNameRange     '2.4.0',
805 silly addNameRange     '2.4.1',
805 silly addNameRange     '2.4.2',
805 silly addNameRange     '3.0.0',
805 silly addNameRange     '3.1.0',
805 silly addNameRange     '4.0.0',
805 silly addNameRange     '5.0.0',
805 silly addNameRange     '5.1.0',
805 silly addNameRange     '5.2.0',
805 silly addNameRange     '6.0.0',
805 silly addNameRange     '6.0.1',
805 silly addNameRange     '6.0.2',
805 silly addNameRange     '6.1.0',
805 silly addNameRange     '6.2.0',
805 silly addNameRange     '5.2.1',
805 silly addNameRange     '6.2.1',
805 silly addNameRange     '6.3.0',
805 silly addNameRange     '6.3.1',
805 silly addNameRange     '6.1.1',
805 silly addNameRange     '6.0.3',
805 silly addNameRange     '6.2.2',
805 silly addNameRange     '6.4.0',
805 silly addNameRange     '6.3.2',
805 silly addNameRange     '6.2.3',
805 silly addNameRange     '6.1.2',
805 silly addNameRange     '6.0.4',
805 silly addNameRange     '6.5.0',
805 silly addNameRange     '6.5.1' ] ]
806 silly addNamed qs@2.3.3
807 verbose addNamed "2.3.3" is a plain semver version for qs
808 silly cache afterAdd qs@2.3.3
809 verbose afterAdd /home/danilocbueno/.npm/qs/2.3.3/package/package.json not in flight; writing
810 verbose afterAdd /home/danilocbueno/.npm/qs/2.3.3/package/package.json written
811 silly loadAllDepsIntoIdealTree Finishing
812 silly idealTree:prePrune lib
812 silly idealTree:prePrune  http-server@0.10.0
812 silly idealTree:prePrune    async@1.5.2
812 silly idealTree:prePrune    colors@1.0.3
812 silly idealTree:prePrune    corser@2.0.1
812 silly idealTree:prePrune    debug@2.6.9
812 silly idealTree:prePrune    ecstatic@2.2.1
812 silly idealTree:prePrune    eventemitter3@1.2.0
812 silly idealTree:prePrune    he@1.1.1
812 silly idealTree:prePrune    http-proxy@1.16.2
812 silly idealTree:prePrune    mime@1.4.1
812 silly idealTree:prePrune    minimist@1.2.0
812 silly idealTree:prePrune    mkdirp@0.5.1
812 silly idealTree:prePrune     minimist@0.0.8
812 silly idealTree:prePrune    ms@2.0.0
812 silly idealTree:prePrune    opener@1.4.3
812 silly idealTree:prePrune    optimist@0.6.1
812 silly idealTree:prePrune     minimist@0.0.10
812 silly idealTree:prePrune    portfinder@1.0.13
812 silly idealTree:prePrune    qs@2.3.3
812 silly idealTree:prePrune    requires-port@1.0.0
812 silly idealTree:prePrune    union@0.4.6
812 silly idealTree:prePrune    url-join@2.0.2
812 silly idealTree:prePrune    wordwrap@0.0.3
813 silly loadIdealTree Finishing
814 silly currentTree lib
814 silly currentTree  http-server@0.10.0
814 silly currentTree    async@1.5.2
814 silly currentTree    colors@1.0.3
814 silly currentTree    corser@2.0.1
814 silly currentTree    debug@2.6.9
814 silly currentTree    ecstatic@2.2.1
814 silly currentTree    eventemitter3@1.2.0
814 silly currentTree    he@1.1.1
814 silly currentTree    http-proxy@1.16.2
814 silly currentTree    mime@1.4.1
814 silly currentTree    minimist@1.2.0
814 silly currentTree    mkdirp@0.5.1
814 silly currentTree     minimist@0.0.8
814 silly currentTree    ms@2.0.0
814 silly currentTree    opener@1.4.3
814 silly currentTree    optimist@0.6.1
814 silly currentTree     minimist@0.0.10
814 silly currentTree    portfinder@1.0.13
814 silly currentTree    qs@2.3.3
814 silly currentTree    requires-port@1.0.0
814 silly currentTree    union@0.4.6
814 silly currentTree    url-join@2.0.2
814 silly currentTree    wordwrap@0.0.3
815 silly idealTree lib
815 silly idealTree  http-server@0.10.0
815 silly idealTree    async@1.5.2
815 silly idealTree    colors@1.0.3
815 silly idealTree    corser@2.0.1
815 silly idealTree    debug@2.6.9
815 silly idealTree    ecstatic@2.2.1
815 silly idealTree    eventemitter3@1.2.0
815 silly idealTree    he@1.1.1
815 silly idealTree    http-proxy@1.16.2
815 silly idealTree    mime@1.4.1
815 silly idealTree    minimist@1.2.0
815 silly idealTree    mkdirp@0.5.1
815 silly idealTree     minimist@0.0.8
815 silly idealTree    ms@2.0.0
815 silly idealTree    opener@1.4.3
815 silly idealTree    optimist@0.6.1
815 silly idealTree     minimist@0.0.10
815 silly idealTree    portfinder@1.0.13
815 silly idealTree    qs@2.3.3
815 silly idealTree    requires-port@1.0.0
815 silly idealTree    union@0.4.6
815 silly idealTree    url-join@2.0.2
815 silly idealTree    wordwrap@0.0.3
816 silly generateActionsToTake Starting
817 silly install generateActionsToTake
818 warn checkPermissions Missing write access to /usr/local/lib/node_modules/http-server
819 warn checkPermissions Missing write access to /usr/local/lib/node_modules
820 silly rollbackFailedOptional Starting
821 silly rollbackFailedOptional Finishing
822 silly runTopLevelLifecycles Starting
823 silly runTopLevelLifecycles Finishing
824 silly install printInstalled
825 verbose stack Error: EACCES: permission denied, access '/usr/local/lib/node_modules/http-server'
825 verbose stack     at Error (native)
826 verbose cwd /home/danilocbueno/workspace/worktech
827 error Linux 4.10.0-35-generic
828 error argv "/usr/bin/nodejs" "/usr/bin/npm" "install" "http-server" "-g"
829 error node v4.2.6
830 error npm  v3.5.2
831 error path /usr/local/lib/node_modules/http-server
832 error code EACCES
833 error errno -13
834 error syscall access
835 error Error: EACCES: permission denied, access '/usr/local/lib/node_modules/http-server'
835 error     at Error (native)
835 error  { [Error: EACCES: permission denied, access '/usr/local/lib/node_modules/http-server']
835 error   errno: -13,
835 error   code: 'EACCES',
835 error   syscall: 'access',
835 error   path: '/usr/local/lib/node_modules/http-server' }
836 error Please try running this command again as root/Administrator.
837 verbose exit [ -13, true ]
